Running in wrapper mode for '20006'

Running python job.

2017-04-05 13:15:39,624 : INFO : running /mnt/c/Source/spearmint/spearmint/bin/../spearmint/main.py ../examples/word2vec-sentiments/config.pb --driver=local --method=GPEIOptChooser --method-args=noiseless=0
2017-04-05 13:15:39,633 : INFO : collecting all words and their counts
2017-04-05 13:15:39,633 : INFO : PROGRESS: at example #0, processed 0 words (0/s), 0 word types, 0 tags
2017-04-05 13:15:39,641 : INFO : collected 5644 word types and 591 unique tags from a corpus of 591 examples and 53128 words
2017-04-05 13:15:39,641 : INFO : Loading a fresh vocabulary
2017-04-05 13:15:39,652 : INFO : min_count=1 retains 5644 unique words (100% of original 5644, drops 0)
2017-04-05 13:15:39,653 : INFO : min_count=1 leaves 53128 word corpus (100% of original 53128, drops 0)
2017-04-05 13:15:39,669 : INFO : deleting the raw counts dictionary of 5644 items
2017-04-05 13:15:39,669 : INFO : sample=0.0001 downsamples 528 most-common words
2017-04-05 13:15:39,669 : INFO : downsampling leaves estimated 25852 word corpus (48.7% of prior 53128)
2017-04-05 13:15:39,669 : INFO : estimated required memory for 5644 words and 200 dimensions: 12443400 bytes
2017-04-05 13:15:39,678 : INFO : resetting layer weights
2017-04-05 13:15:39,742 : INFO : Epoch 0
2017-04-05 13:15:39,743 : INFO : training model with 7 workers on 5644 vocabulary and 200 features, using sg=0 hs=0 sample=0.0001 negative=5 window=8
2017-04-05 13:15:39,743 : INFO : expecting 591 sentences, matching count from corpus used for vocabulary survey
2017-04-05 13:15:39,954 : INFO : worker thread finished; awaiting finish of 6 more threads
2017-04-05 13:15:39,979 : INFO : worker thread finished; awaiting finish of 5 more threads
2017-04-05 13:15:39,980 : INFO : worker thread finished; awaiting finish of 4 more threads
2017-04-05 13:15:39,980 : INFO : worker thread finished; awaiting finish of 3 more threads
2017-04-05 13:15:39,981 : INFO : worker thread finished; awaiting finish of 2 more threads
2017-04-05 13:15:39,982 : INFO : worker thread finished; awaiting finish of 1 more threads
2017-04-05 13:15:39,984 : INFO : worker thread finished; awaiting finish of 0 more threads
2017-04-05 13:15:39,984 : INFO : training on 265640 raw words (132118 effective words) took 0.2s, 580348 effective words/s
2017-04-05 13:15:39,984 : WARNING : under 10 jobs per worker: consider setting a smaller `batch_words' for smoother alpha decay
2017-04-05 13:15:39,985 : INFO : Epoch 1
2017-04-05 13:15:39,985 : INFO : training model with 7 workers on 5644 vocabulary and 200 features, using sg=0 hs=0 sample=0.0001 negative=5 window=8
2017-04-05 13:15:39,985 : INFO : expecting 591 sentences, matching count from corpus used for vocabulary survey
2017-04-05 13:15:40,166 : INFO : worker thread finished; awaiting finish of 6 more threads
2017-04-05 13:15:40,195 : INFO : worker thread finished; awaiting finish of 5 more threads
2017-04-05 13:15:40,199 : INFO : worker thread finished; awaiting finish of 4 more threads
2017-04-05 13:15:40,202 : INFO : worker thread finished; awaiting finish of 3 more threads
2017-04-05 13:15:40,208 : INFO : worker thread finished; awaiting finish of 2 more threads
2017-04-05 13:15:40,209 : INFO : worker thread finished; awaiting finish of 1 more threads
2017-04-05 13:15:40,209 : INFO : worker thread finished; awaiting finish of 0 more threads
2017-04-05 13:15:40,209 : INFO : training on 265640 raw words (132215 effective words) took 0.2s, 592664 effective words/s
2017-04-05 13:15:40,209 : WARNING : under 10 jobs per worker: consider setting a smaller `batch_words' for smoother alpha decay
2017-04-05 13:15:40,209 : INFO : Epoch 2
2017-04-05 13:15:40,210 : INFO : training model with 7 workers on 5644 vocabulary and 200 features, using sg=0 hs=0 sample=0.0001 negative=5 window=8
2017-04-05 13:15:40,210 : INFO : expecting 591 sentences, matching count from corpus used for vocabulary survey
2017-04-05 13:15:40,412 : INFO : worker thread finished; awaiting finish of 6 more threads
2017-04-05 13:15:40,443 : INFO : worker thread finished; awaiting finish of 5 more threads
2017-04-05 13:15:40,448 : INFO : worker thread finished; awaiting finish of 4 more threads
2017-04-05 13:15:40,448 : INFO : worker thread finished; awaiting finish of 3 more threads
2017-04-05 13:15:40,450 : INFO : worker thread finished; awaiting finish of 2 more threads
2017-04-05 13:15:40,450 : INFO : worker thread finished; awaiting finish of 1 more threads
2017-04-05 13:15:40,451 : INFO : worker thread finished; awaiting finish of 0 more threads
2017-04-05 13:15:40,451 : INFO : training on 265640 raw words (132107 effective words) took 0.2s, 549825 effective words/s
2017-04-05 13:15:40,451 : WARNING : under 10 jobs per worker: consider setting a smaller `batch_words' for smoother alpha decay
2017-04-05 13:15:40,451 : INFO : Epoch 3
2017-04-05 13:15:40,451 : INFO : training model with 7 workers on 5644 vocabulary and 200 features, using sg=0 hs=0 sample=0.0001 negative=5 window=8
2017-04-05 13:15:40,451 : INFO : expecting 591 sentences, matching count from corpus used for vocabulary survey
2017-04-05 13:15:40,637 : INFO : worker thread finished; awaiting finish of 6 more threads
2017-04-05 13:15:40,661 : INFO : worker thread finished; awaiting finish of 5 more threads
2017-04-05 13:15:40,662 : INFO : worker thread finished; awaiting finish of 4 more threads
2017-04-05 13:15:40,664 : INFO : worker thread finished; awaiting finish of 3 more threads
2017-04-05 13:15:40,666 : INFO : worker thread finished; awaiting finish of 2 more threads
2017-04-05 13:15:40,670 : INFO : worker thread finished; awaiting finish of 1 more threads
2017-04-05 13:15:40,670 : INFO : worker thread finished; awaiting finish of 0 more threads
2017-04-05 13:15:40,670 : INFO : training on 265640 raw words (132319 effective words) took 0.2s, 610423 effective words/s
2017-04-05 13:15:40,670 : WARNING : under 10 jobs per worker: consider setting a smaller `batch_words' for smoother alpha decay
2017-04-05 13:15:40,670 : INFO : Epoch 4
2017-04-05 13:15:40,670 : INFO : training model with 7 workers on 5644 vocabulary and 200 features, using sg=0 hs=0 sample=0.0001 negative=5 window=8
2017-04-05 13:15:40,670 : INFO : expecting 591 sentences, matching count from corpus used for vocabulary survey
2017-04-05 13:15:40,858 : INFO : worker thread finished; awaiting finish of 6 more threads
2017-04-05 13:15:40,881 : INFO : worker thread finished; awaiting finish of 5 more threads
2017-04-05 13:15:40,887 : INFO : worker thread finished; awaiting finish of 4 more threads
2017-04-05 13:15:40,887 : INFO : worker thread finished; awaiting finish of 3 more threads
2017-04-05 13:15:40,888 : INFO : worker thread finished; awaiting finish of 2 more threads
2017-04-05 13:15:40,888 : INFO : worker thread finished; awaiting finish of 1 more threads
2017-04-05 13:15:40,889 : INFO : worker thread finished; awaiting finish of 0 more threads
2017-04-05 13:15:40,889 : INFO : training on 265640 raw words (132229 effective words) took 0.2s, 607326 effective words/s
2017-04-05 13:15:40,889 : WARNING : under 10 jobs per worker: consider setting a smaller `batch_words' for smoother alpha decay
2017-04-05 13:15:40,889 : INFO : Epoch 5
2017-04-05 13:15:40,890 : INFO : training model with 7 workers on 5644 vocabulary and 200 features, using sg=0 hs=0 sample=0.0001 negative=5 window=8
2017-04-05 13:15:40,890 : INFO : expecting 591 sentences, matching count from corpus used for vocabulary survey
2017-04-05 13:15:41,073 : INFO : worker thread finished; awaiting finish of 6 more threads
2017-04-05 13:15:41,104 : INFO : worker thread finished; awaiting finish of 5 more threads
2017-04-05 13:15:41,104 : INFO : worker thread finished; awaiting finish of 4 more threads
2017-04-05 13:15:41,109 : INFO : worker thread finished; awaiting finish of 3 more threads
2017-04-05 13:15:41,109 : INFO : worker thread finished; awaiting finish of 2 more threads
2017-04-05 13:15:41,110 : INFO : worker thread finished; awaiting finish of 1 more threads
2017-04-05 13:15:41,110 : INFO : worker thread finished; awaiting finish of 0 more threads
2017-04-05 13:15:41,110 : INFO : training on 265640 raw words (132258 effective words) took 0.2s, 604224 effective words/s
2017-04-05 13:15:41,110 : WARNING : under 10 jobs per worker: consider setting a smaller `batch_words' for smoother alpha decay
2017-04-05 13:15:41,110 : INFO : Epoch 6
2017-04-05 13:15:41,110 : INFO : training model with 7 workers on 5644 vocabulary and 200 features, using sg=0 hs=0 sample=0.0001 negative=5 window=8
2017-04-05 13:15:41,110 : INFO : expecting 591 sentences, matching count from corpus used for vocabulary survey
2017-04-05 13:15:41,286 : INFO : worker thread finished; awaiting finish of 6 more threads
2017-04-05 13:15:41,309 : INFO : worker thread finished; awaiting finish of 5 more threads
2017-04-05 13:15:41,312 : INFO : worker thread finished; awaiting finish of 4 more threads
2017-04-05 13:15:41,314 : INFO : worker thread finished; awaiting finish of 3 more threads
2017-04-05 13:15:41,316 : INFO : worker thread finished; awaiting finish of 2 more threads
2017-04-05 13:15:41,317 : INFO : worker thread finished; awaiting finish of 1 more threads
2017-04-05 13:15:41,320 : INFO : worker thread finished; awaiting finish of 0 more threads
2017-04-05 13:15:41,320 : INFO : training on 265640 raw words (132382 effective words) took 0.2s, 636504 effective words/s
2017-04-05 13:15:41,320 : WARNING : under 10 jobs per worker: consider setting a smaller `batch_words' for smoother alpha decay
2017-04-05 13:15:41,320 : INFO : Epoch 7
2017-04-05 13:15:41,320 : INFO : training model with 7 workers on 5644 vocabulary and 200 features, using sg=0 hs=0 sample=0.0001 negative=5 window=8
2017-04-05 13:15:41,320 : INFO : expecting 591 sentences, matching count from corpus used for vocabulary survey
2017-04-05 13:15:41,519 : INFO : worker thread finished; awaiting finish of 6 more threads
2017-04-05 13:15:41,549 : INFO : worker thread finished; awaiting finish of 5 more threads
2017-04-05 13:15:41,554 : INFO : worker thread finished; awaiting finish of 4 more threads
2017-04-05 13:15:41,557 : INFO : worker thread finished; awaiting finish of 3 more threads
2017-04-05 13:15:41,558 : INFO : worker thread finished; awaiting finish of 2 more threads
2017-04-05 13:15:41,560 : INFO : worker thread finished; awaiting finish of 1 more threads
2017-04-05 13:15:41,562 : INFO : worker thread finished; awaiting finish of 0 more threads
2017-04-05 13:15:41,562 : INFO : training on 265640 raw words (132244 effective words) took 0.2s, 551318 effective words/s
2017-04-05 13:15:41,562 : WARNING : under 10 jobs per worker: consider setting a smaller `batch_words' for smoother alpha decay
2017-04-05 13:15:41,562 : INFO : Epoch 8
2017-04-05 13:15:41,563 : INFO : training model with 7 workers on 5644 vocabulary and 200 features, using sg=0 hs=0 sample=0.0001 negative=5 window=8
2017-04-05 13:15:41,563 : INFO : expecting 591 sentences, matching count from corpus used for vocabulary survey
2017-04-05 13:15:41,747 : INFO : worker thread finished; awaiting finish of 6 more threads
2017-04-05 13:15:41,767 : INFO : worker thread finished; awaiting finish of 5 more threads
2017-04-05 13:15:41,778 : INFO : worker thread finished; awaiting finish of 4 more threads
2017-04-05 13:15:41,778 : INFO : worker thread finished; awaiting finish of 3 more threads
2017-04-05 13:15:41,779 : INFO : worker thread finished; awaiting finish of 2 more threads
2017-04-05 13:15:41,782 : INFO : worker thread finished; awaiting finish of 1 more threads
2017-04-05 13:15:41,782 : INFO : worker thread finished; awaiting finish of 0 more threads
2017-04-05 13:15:41,782 : INFO : training on 265640 raw words (132043 effective words) took 0.2s, 605788 effective words/s
2017-04-05 13:15:41,782 : WARNING : under 10 jobs per worker: consider setting a smaller `batch_words' for smoother alpha decay
2017-04-05 13:15:41,782 : INFO : Epoch 9
2017-04-05 13:15:41,782 : INFO : training model with 7 workers on 5644 vocabulary and 200 features, using sg=0 hs=0 sample=0.0001 negative=5 window=8
2017-04-05 13:15:41,782 : INFO : expecting 591 sentences, matching count from corpus used for vocabulary survey
2017-04-05 13:15:41,965 : INFO : worker thread finished; awaiting finish of 6 more threads
2017-04-05 13:15:41,991 : INFO : worker thread finished; awaiting finish of 5 more threads
2017-04-05 13:15:41,993 : INFO : worker thread finished; awaiting finish of 4 more threads
2017-04-05 13:15:41,996 : INFO : worker thread finished; awaiting finish of 3 more threads
2017-04-05 13:15:41,997 : INFO : worker thread finished; awaiting finish of 2 more threads
2017-04-05 13:15:41,999 : INFO : worker thread finished; awaiting finish of 1 more threads
2017-04-05 13:15:41,999 : INFO : worker thread finished; awaiting finish of 0 more threads
2017-04-05 13:15:41,999 : INFO : training on 265640 raw words (132052 effective words) took 0.2s, 614808 effective words/s
2017-04-05 13:15:41,999 : WARNING : under 10 jobs per worker: consider setting a smaller `batch_words' for smoother alpha decay
2017-04-05 13:15:42,000 : INFO : Epoch 10
2017-04-05 13:15:42,000 : INFO : training model with 7 workers on 5644 vocabulary and 200 features, using sg=0 hs=0 sample=0.0001 negative=5 window=8
2017-04-05 13:15:42,000 : INFO : expecting 591 sentences, matching count from corpus used for vocabulary survey
2017-04-05 13:15:42,186 : INFO : worker thread finished; awaiting finish of 6 more threads
2017-04-05 13:15:42,220 : INFO : worker thread finished; awaiting finish of 5 more threads
2017-04-05 13:15:42,222 : INFO : worker thread finished; awaiting finish of 4 more threads
2017-04-05 13:15:42,223 : INFO : worker thread finished; awaiting finish of 3 more threads
2017-04-05 13:15:42,224 : INFO : worker thread finished; awaiting finish of 2 more threads
2017-04-05 13:15:42,227 : INFO : worker thread finished; awaiting finish of 1 more threads
2017-04-05 13:15:42,227 : INFO : worker thread finished; awaiting finish of 0 more threads
2017-04-05 13:15:42,227 : INFO : training on 265640 raw words (132061 effective words) took 0.2s, 585182 effective words/s
2017-04-05 13:15:42,227 : WARNING : under 10 jobs per worker: consider setting a smaller `batch_words' for smoother alpha decay
2017-04-05 13:15:42,227 : INFO : Epoch 11
2017-04-05 13:15:42,228 : INFO : training model with 7 workers on 5644 vocabulary and 200 features, using sg=0 hs=0 sample=0.0001 negative=5 window=8
2017-04-05 13:15:42,228 : INFO : expecting 591 sentences, matching count from corpus used for vocabulary survey
2017-04-05 13:15:42,399 : INFO : worker thread finished; awaiting finish of 6 more threads
2017-04-05 13:15:42,430 : INFO : worker thread finished; awaiting finish of 5 more threads
2017-04-05 13:15:42,434 : INFO : worker thread finished; awaiting finish of 4 more threads
2017-04-05 13:15:42,435 : INFO : worker thread finished; awaiting finish of 3 more threads
2017-04-05 13:15:42,436 : INFO : worker thread finished; awaiting finish of 2 more threads
2017-04-05 13:15:42,437 : INFO : worker thread finished; awaiting finish of 1 more threads
2017-04-05 13:15:42,439 : INFO : worker thread finished; awaiting finish of 0 more threads
2017-04-05 13:15:42,439 : INFO : training on 265640 raw words (132320 effective words) took 0.2s, 629873 effective words/s
2017-04-05 13:15:42,439 : WARNING : under 10 jobs per worker: consider setting a smaller `batch_words' for smoother alpha decay
2017-04-05 13:15:42,439 : INFO : Epoch 12
2017-04-05 13:15:42,439 : INFO : training model with 7 workers on 5644 vocabulary and 200 features, using sg=0 hs=0 sample=0.0001 negative=5 window=8
2017-04-05 13:15:42,439 : INFO : expecting 591 sentences, matching count from corpus used for vocabulary survey
2017-04-05 13:15:42,629 : INFO : worker thread finished; awaiting finish of 6 more threads
2017-04-05 13:15:42,649 : INFO : worker thread finished; awaiting finish of 5 more threads
2017-04-05 13:15:42,653 : INFO : worker thread finished; awaiting finish of 4 more threads
2017-04-05 13:15:42,657 : INFO : worker thread finished; awaiting finish of 3 more threads
2017-04-05 13:15:42,657 : INFO : worker thread finished; awaiting finish of 2 more threads
2017-04-05 13:15:42,657 : INFO : worker thread finished; awaiting finish of 1 more threads
2017-04-05 13:15:42,660 : INFO : worker thread finished; awaiting finish of 0 more threads
2017-04-05 13:15:42,661 : INFO : training on 265640 raw words (132414 effective words) took 0.2s, 598633 effective words/s
2017-04-05 13:15:42,661 : WARNING : under 10 jobs per worker: consider setting a smaller `batch_words' for smoother alpha decay
2017-04-05 13:15:42,661 : INFO : Epoch 13
2017-04-05 13:15:42,661 : INFO : training model with 7 workers on 5644 vocabulary and 200 features, using sg=0 hs=0 sample=0.0001 negative=5 window=8
2017-04-05 13:15:42,661 : INFO : expecting 591 sentences, matching count from corpus used for vocabulary survey
2017-04-05 13:15:42,849 : INFO : worker thread finished; awaiting finish of 6 more threads
2017-04-05 13:15:42,865 : INFO : worker thread finished; awaiting finish of 5 more threads
2017-04-05 13:15:42,869 : INFO : worker thread finished; awaiting finish of 4 more threads
2017-04-05 13:15:42,874 : INFO : worker thread finished; awaiting finish of 3 more threads
2017-04-05 13:15:42,877 : INFO : worker thread finished; awaiting finish of 2 more threads
2017-04-05 13:15:42,879 : INFO : worker thread finished; awaiting finish of 1 more threads
2017-04-05 13:15:42,880 : INFO : worker thread finished; awaiting finish of 0 more threads
2017-04-05 13:15:42,880 : INFO : training on 265640 raw words (132348 effective words) took 0.2s, 608782 effective words/s
2017-04-05 13:15:42,880 : WARNING : under 10 jobs per worker: consider setting a smaller `batch_words' for smoother alpha decay
2017-04-05 13:15:42,880 : INFO : Epoch 14
2017-04-05 13:15:42,881 : INFO : training model with 7 workers on 5644 vocabulary and 200 features, using sg=0 hs=0 sample=0.0001 negative=5 window=8
2017-04-05 13:15:42,881 : INFO : expecting 591 sentences, matching count from corpus used for vocabulary survey
2017-04-05 13:15:43,063 : INFO : worker thread finished; awaiting finish of 6 more threads
2017-04-05 13:15:43,088 : INFO : worker thread finished; awaiting finish of 5 more threads
2017-04-05 13:15:43,093 : INFO : worker thread finished; awaiting finish of 4 more threads
2017-04-05 13:15:43,093 : INFO : worker thread finished; awaiting finish of 3 more threads
2017-04-05 13:15:43,094 : INFO : worker thread finished; awaiting finish of 2 more threads
2017-04-05 13:15:43,095 : INFO : worker thread finished; awaiting finish of 1 more threads
2017-04-05 13:15:43,096 : INFO : worker thread finished; awaiting finish of 0 more threads
2017-04-05 13:15:43,096 : INFO : training on 265640 raw words (132554 effective words) took 0.2s, 619930 effective words/s
2017-04-05 13:15:43,096 : WARNING : under 10 jobs per worker: consider setting a smaller `batch_words' for smoother alpha decay
2017-04-05 13:15:43,096 : INFO : Epoch 15
2017-04-05 13:15:43,096 : INFO : training model with 7 workers on 5644 vocabulary and 200 features, using sg=0 hs=0 sample=0.0001 negative=5 window=8
2017-04-05 13:15:43,097 : INFO : expecting 591 sentences, matching count from corpus used for vocabulary survey
2017-04-05 13:15:43,305 : INFO : worker thread finished; awaiting finish of 6 more threads
2017-04-05 13:15:43,335 : INFO : worker thread finished; awaiting finish of 5 more threads
2017-04-05 13:15:43,339 : INFO : worker thread finished; awaiting finish of 4 more threads
2017-04-05 13:15:43,340 : INFO : worker thread finished; awaiting finish of 3 more threads
2017-04-05 13:15:43,341 : INFO : worker thread finished; awaiting finish of 2 more threads
2017-04-05 13:15:43,342 : INFO : worker thread finished; awaiting finish of 1 more threads
2017-04-05 13:15:43,345 : INFO : worker thread finished; awaiting finish of 0 more threads
2017-04-05 13:15:43,345 : INFO : training on 265640 raw words (132203 effective words) took 0.2s, 534888 effective words/s
2017-04-05 13:15:43,345 : WARNING : under 10 jobs per worker: consider setting a smaller `batch_words' for smoother alpha decay
2017-04-05 13:15:43,345 : INFO : Epoch 16
2017-04-05 13:15:43,345 : INFO : training model with 7 workers on 5644 vocabulary and 200 features, using sg=0 hs=0 sample=0.0001 negative=5 window=8
2017-04-05 13:15:43,345 : INFO : expecting 591 sentences, matching count from corpus used for vocabulary survey
2017-04-05 13:15:43,529 : INFO : worker thread finished; awaiting finish of 6 more threads
2017-04-05 13:15:43,562 : INFO : worker thread finished; awaiting finish of 5 more threads
2017-04-05 13:15:43,566 : INFO : worker thread finished; awaiting finish of 4 more threads
2017-04-05 13:15:43,566 : INFO : worker thread finished; awaiting finish of 3 more threads
2017-04-05 13:15:43,567 : INFO : worker thread finished; awaiting finish of 2 more threads
2017-04-05 13:15:43,568 : INFO : worker thread finished; awaiting finish of 1 more threads
2017-04-05 13:15:43,572 : INFO : worker thread finished; awaiting finish of 0 more threads
2017-04-05 13:15:43,572 : INFO : training on 265640 raw words (132240 effective words) took 0.2s, 590265 effective words/s
2017-04-05 13:15:43,572 : WARNING : under 10 jobs per worker: consider setting a smaller `batch_words' for smoother alpha decay
2017-04-05 13:15:43,573 : INFO : Epoch 17
2017-04-05 13:15:43,573 : INFO : training model with 7 workers on 5644 vocabulary and 200 features, using sg=0 hs=0 sample=0.0001 negative=5 window=8
2017-04-05 13:15:43,573 : INFO : expecting 591 sentences, matching count from corpus used for vocabulary survey
2017-04-05 13:15:43,760 : INFO : worker thread finished; awaiting finish of 6 more threads
2017-04-05 13:15:43,791 : INFO : worker thread finished; awaiting finish of 5 more threads
2017-04-05 13:15:43,793 : INFO : worker thread finished; awaiting finish of 4 more threads
2017-04-05 13:15:43,795 : INFO : worker thread finished; awaiting finish of 3 more threads
2017-04-05 13:15:43,796 : INFO : worker thread finished; awaiting finish of 2 more threads
2017-04-05 13:15:43,797 : INFO : worker thread finished; awaiting finish of 1 more threads
2017-04-05 13:15:43,798 : INFO : worker thread finished; awaiting finish of 0 more threads
2017-04-05 13:15:43,798 : INFO : training on 265640 raw words (132122 effective words) took 0.2s, 592335 effective words/s
2017-04-05 13:15:43,798 : WARNING : under 10 jobs per worker: consider setting a smaller `batch_words' for smoother alpha decay
2017-04-05 13:15:43,798 : INFO : Epoch 18
2017-04-05 13:15:43,798 : INFO : training model with 7 workers on 5644 vocabulary and 200 features, using sg=0 hs=0 sample=0.0001 negative=5 window=8
2017-04-05 13:15:43,798 : INFO : expecting 591 sentences, matching count from corpus used for vocabulary survey
2017-04-05 13:15:43,995 : INFO : worker thread finished; awaiting finish of 6 more threads
2017-04-05 13:15:44,020 : INFO : worker thread finished; awaiting finish of 5 more threads
2017-04-05 13:15:44,024 : INFO : worker thread finished; awaiting finish of 4 more threads
2017-04-05 13:15:44,027 : INFO : worker thread finished; awaiting finish of 3 more threads
2017-04-05 13:15:44,027 : INFO : worker thread finished; awaiting finish of 2 more threads
2017-04-05 13:15:44,028 : INFO : worker thread finished; awaiting finish of 1 more threads
2017-04-05 13:15:44,029 : INFO : worker thread finished; awaiting finish of 0 more threads
2017-04-05 13:15:44,029 : INFO : training on 265640 raw words (132124 effective words) took 0.2s, 576341 effective words/s
2017-04-05 13:15:44,029 : WARNING : under 10 jobs per worker: consider setting a smaller `batch_words' for smoother alpha decay
2017-04-05 13:15:44,029 : INFO : Epoch 19
2017-04-05 13:15:44,029 : INFO : training model with 7 workers on 5644 vocabulary and 200 features, using sg=0 hs=0 sample=0.0001 negative=5 window=8
2017-04-05 13:15:44,029 : INFO : expecting 591 sentences, matching count from corpus used for vocabulary survey
2017-04-05 13:15:44,223 : INFO : worker thread finished; awaiting finish of 6 more threads
2017-04-05 13:15:44,245 : INFO : worker thread finished; awaiting finish of 5 more threads
2017-04-05 13:15:44,253 : INFO : worker thread finished; awaiting finish of 4 more threads
2017-04-05 13:15:44,255 : INFO : worker thread finished; awaiting finish of 3 more threads
2017-04-05 13:15:44,255 : INFO : worker thread finished; awaiting finish of 2 more threads
2017-04-05 13:15:44,255 : INFO : worker thread finished; awaiting finish of 1 more threads
2017-04-05 13:15:44,258 : INFO : worker thread finished; awaiting finish of 0 more threads
2017-04-05 13:15:44,258 : INFO : training on 265640 raw words (132158 effective words) took 0.2s, 582122 effective words/s
2017-04-05 13:15:44,258 : WARNING : under 10 jobs per worker: consider setting a smaller `batch_words' for smoother alpha decay
2017-04-05 13:15:44,258 : INFO : Epoch 20
2017-04-05 13:15:44,259 : INFO : training model with 7 workers on 5644 vocabulary and 200 features, using sg=0 hs=0 sample=0.0001 negative=5 window=8
2017-04-05 13:15:44,259 : INFO : expecting 591 sentences, matching count from corpus used for vocabulary survey
2017-04-05 13:15:44,450 : INFO : worker thread finished; awaiting finish of 6 more threads
2017-04-05 13:15:44,485 : INFO : worker thread finished; awaiting finish of 5 more threads
2017-04-05 13:15:44,486 : INFO : worker thread finished; awaiting finish of 4 more threads
2017-04-05 13:15:44,487 : INFO : worker thread finished; awaiting finish of 3 more threads
2017-04-05 13:15:44,492 : INFO : worker thread finished; awaiting finish of 2 more threads
2017-04-05 13:15:44,492 : INFO : worker thread finished; awaiting finish of 1 more threads
2017-04-05 13:15:44,494 : INFO : worker thread finished; awaiting finish of 0 more threads
2017-04-05 13:15:44,494 : INFO : training on 265640 raw words (132363 effective words) took 0.2s, 565263 effective words/s
2017-04-05 13:15:44,494 : WARNING : under 10 jobs per worker: consider setting a smaller `batch_words' for smoother alpha decay
2017-04-05 13:15:44,494 : INFO : Epoch 21
2017-04-05 13:15:44,494 : INFO : training model with 7 workers on 5644 vocabulary and 200 features, using sg=0 hs=0 sample=0.0001 negative=5 window=8
2017-04-05 13:15:44,494 : INFO : expecting 591 sentences, matching count from corpus used for vocabulary survey
2017-04-05 13:15:44,689 : INFO : worker thread finished; awaiting finish of 6 more threads
2017-04-05 13:15:44,712 : INFO : worker thread finished; awaiting finish of 5 more threads
2017-04-05 13:15:44,716 : INFO : worker thread finished; awaiting finish of 4 more threads
2017-04-05 13:15:44,719 : INFO : worker thread finished; awaiting finish of 3 more threads
2017-04-05 13:15:44,719 : INFO : worker thread finished; awaiting finish of 2 more threads
2017-04-05 13:15:44,719 : INFO : worker thread finished; awaiting finish of 1 more threads
2017-04-05 13:15:44,719 : INFO : worker thread finished; awaiting finish of 0 more threads
2017-04-05 13:15:44,720 : INFO : training on 265640 raw words (132231 effective words) took 0.2s, 591643 effective words/s
2017-04-05 13:15:44,720 : WARNING : under 10 jobs per worker: consider setting a smaller `batch_words' for smoother alpha decay
2017-04-05 13:15:44,720 : INFO : Epoch 22
2017-04-05 13:15:44,720 : INFO : training model with 7 workers on 5644 vocabulary and 200 features, using sg=0 hs=0 sample=0.0001 negative=5 window=8
2017-04-05 13:15:44,720 : INFO : expecting 591 sentences, matching count from corpus used for vocabulary survey
2017-04-05 13:15:44,902 : INFO : worker thread finished; awaiting finish of 6 more threads
2017-04-05 13:15:44,925 : INFO : worker thread finished; awaiting finish of 5 more threads
2017-04-05 13:15:44,930 : INFO : worker thread finished; awaiting finish of 4 more threads
2017-04-05 13:15:44,930 : INFO : worker thread finished; awaiting finish of 3 more threads
2017-04-05 13:15:44,934 : INFO : worker thread finished; awaiting finish of 2 more threads
2017-04-05 13:15:44,935 : INFO : worker thread finished; awaiting finish of 1 more threads
2017-04-05 13:15:44,935 : INFO : worker thread finished; awaiting finish of 0 more threads
2017-04-05 13:15:44,935 : INFO : training on 265640 raw words (132095 effective words) took 0.2s, 619365 effective words/s
2017-04-05 13:15:44,935 : WARNING : under 10 jobs per worker: consider setting a smaller `batch_words' for smoother alpha decay
2017-04-05 13:15:44,935 : INFO : Epoch 23
2017-04-05 13:15:44,936 : INFO : training model with 7 workers on 5644 vocabulary and 200 features, using sg=0 hs=0 sample=0.0001 negative=5 window=8
2017-04-05 13:15:44,936 : INFO : expecting 591 sentences, matching count from corpus used for vocabulary survey
2017-04-05 13:15:45,132 : INFO : worker thread finished; awaiting finish of 6 more threads
2017-04-05 13:15:45,158 : INFO : worker thread finished; awaiting finish of 5 more threads
2017-04-05 13:15:45,161 : INFO : worker thread finished; awaiting finish of 4 more threads
2017-04-05 13:15:45,162 : INFO : worker thread finished; awaiting finish of 3 more threads
2017-04-05 13:15:45,163 : INFO : worker thread finished; awaiting finish of 2 more threads
2017-04-05 13:15:45,164 : INFO : worker thread finished; awaiting finish of 1 more threads
2017-04-05 13:15:45,167 : INFO : worker thread finished; awaiting finish of 0 more threads
2017-04-05 13:15:45,167 : INFO : training on 265640 raw words (132183 effective words) took 0.2s, 576320 effective words/s
2017-04-05 13:15:45,167 : WARNING : under 10 jobs per worker: consider setting a smaller `batch_words' for smoother alpha decay
2017-04-05 13:15:45,167 : INFO : Epoch 24
2017-04-05 13:15:45,167 : INFO : training model with 7 workers on 5644 vocabulary and 200 features, using sg=0 hs=0 sample=0.0001 negative=5 window=8
2017-04-05 13:15:45,167 : INFO : expecting 591 sentences, matching count from corpus used for vocabulary survey
2017-04-05 13:15:45,367 : INFO : worker thread finished; awaiting finish of 6 more threads
2017-04-05 13:15:45,400 : INFO : worker thread finished; awaiting finish of 5 more threads
2017-04-05 13:15:45,402 : INFO : worker thread finished; awaiting finish of 4 more threads
2017-04-05 13:15:45,403 : INFO : worker thread finished; awaiting finish of 3 more threads
2017-04-05 13:15:45,404 : INFO : worker thread finished; awaiting finish of 2 more threads
2017-04-05 13:15:45,405 : INFO : worker thread finished; awaiting finish of 1 more threads
2017-04-05 13:15:45,406 : INFO : worker thread finished; awaiting finish of 0 more threads
2017-04-05 13:15:45,406 : INFO : training on 265640 raw words (132122 effective words) took 0.2s, 558365 effective words/s
2017-04-05 13:15:45,406 : WARNING : under 10 jobs per worker: consider setting a smaller `batch_words' for smoother alpha decay
2017-04-05 13:15:45,406 : INFO : Epoch 25
2017-04-05 13:15:45,407 : INFO : training model with 7 workers on 5644 vocabulary and 200 features, using sg=0 hs=0 sample=0.0001 negative=5 window=8
2017-04-05 13:15:45,407 : INFO : expecting 591 sentences, matching count from corpus used for vocabulary survey
2017-04-05 13:15:45,593 : INFO : worker thread finished; awaiting finish of 6 more threads
2017-04-05 13:15:45,630 : INFO : worker thread finished; awaiting finish of 5 more threads
2017-04-05 13:15:45,633 : INFO : worker thread finished; awaiting finish of 4 more threads
2017-04-05 13:15:45,636 : INFO : worker thread finished; awaiting finish of 3 more threads
2017-04-05 13:15:45,639 : INFO : worker thread finished; awaiting finish of 2 more threads
2017-04-05 13:15:45,639 : INFO : worker thread finished; awaiting finish of 1 more threads
2017-04-05 13:15:45,639 : INFO : worker thread finished; awaiting finish of 0 more threads
2017-04-05 13:15:45,639 : INFO : training on 265640 raw words (132086 effective words) took 0.2s, 571871 effective words/s
2017-04-05 13:15:45,639 : WARNING : under 10 jobs per worker: consider setting a smaller `batch_words' for smoother alpha decay
2017-04-05 13:15:45,639 : INFO : Epoch 26
2017-04-05 13:15:45,639 : INFO : training model with 7 workers on 5644 vocabulary and 200 features, using sg=0 hs=0 sample=0.0001 negative=5 window=8
2017-04-05 13:15:45,640 : INFO : expecting 591 sentences, matching count from corpus used for vocabulary survey
2017-04-05 13:15:45,836 : INFO : worker thread finished; awaiting finish of 6 more threads
2017-04-05 13:15:45,867 : INFO : worker thread finished; awaiting finish of 5 more threads
2017-04-05 13:15:45,868 : INFO : worker thread finished; awaiting finish of 4 more threads
2017-04-05 13:15:45,869 : INFO : worker thread finished; awaiting finish of 3 more threads
2017-04-05 13:15:45,869 : INFO : worker thread finished; awaiting finish of 2 more threads
2017-04-05 13:15:45,870 : INFO : worker thread finished; awaiting finish of 1 more threads
2017-04-05 13:15:45,872 : INFO : worker thread finished; awaiting finish of 0 more threads
2017-04-05 13:15:45,872 : INFO : training on 265640 raw words (132270 effective words) took 0.2s, 572887 effective words/s
2017-04-05 13:15:45,872 : WARNING : under 10 jobs per worker: consider setting a smaller `batch_words' for smoother alpha decay
2017-04-05 13:15:45,872 : INFO : Epoch 27
2017-04-05 13:15:45,872 : INFO : training model with 7 workers on 5644 vocabulary and 200 features, using sg=0 hs=0 sample=0.0001 negative=5 window=8
2017-04-05 13:15:45,872 : INFO : expecting 591 sentences, matching count from corpus used for vocabulary survey
2017-04-05 13:15:46,048 : INFO : worker thread finished; awaiting finish of 6 more threads
2017-04-05 13:15:46,072 : INFO : worker thread finished; awaiting finish of 5 more threads
2017-04-05 13:15:46,078 : INFO : worker thread finished; awaiting finish of 4 more threads
2017-04-05 13:15:46,079 : INFO : worker thread finished; awaiting finish of 3 more threads
2017-04-05 13:15:46,080 : INFO : worker thread finished; awaiting finish of 2 more threads
2017-04-05 13:15:46,081 : INFO : worker thread finished; awaiting finish of 1 more threads
2017-04-05 13:15:46,083 : INFO : worker thread finished; awaiting finish of 0 more threads
2017-04-05 13:15:46,083 : INFO : training on 265640 raw words (132246 effective words) took 0.2s, 632270 effective words/s
2017-04-05 13:15:46,083 : WARNING : under 10 jobs per worker: consider setting a smaller `batch_words' for smoother alpha decay
2017-04-05 13:15:46,083 : INFO : Epoch 28
2017-04-05 13:15:46,083 : INFO : training model with 7 workers on 5644 vocabulary and 200 features, using sg=0 hs=0 sample=0.0001 negative=5 window=8
2017-04-05 13:15:46,083 : INFO : expecting 591 sentences, matching count from corpus used for vocabulary survey
2017-04-05 13:15:46,260 : INFO : worker thread finished; awaiting finish of 6 more threads
2017-04-05 13:15:46,290 : INFO : worker thread finished; awaiting finish of 5 more threads
2017-04-05 13:15:46,290 : INFO : worker thread finished; awaiting finish of 4 more threads
2017-04-05 13:15:46,291 : INFO : worker thread finished; awaiting finish of 3 more threads
2017-04-05 13:15:46,295 : INFO : worker thread finished; awaiting finish of 2 more threads
2017-04-05 13:15:46,295 : INFO : worker thread finished; awaiting finish of 1 more threads
2017-04-05 13:15:46,298 : INFO : worker thread finished; awaiting finish of 0 more threads
2017-04-05 13:15:46,298 : INFO : training on 265640 raw words (132033 effective words) took 0.2s, 623500 effective words/s
2017-04-05 13:15:46,298 : WARNING : under 10 jobs per worker: consider setting a smaller `batch_words' for smoother alpha decay
2017-04-05 13:15:46,298 : INFO : Epoch 29
2017-04-05 13:15:46,299 : INFO : training model with 7 workers on 5644 vocabulary and 200 features, using sg=0 hs=0 sample=0.0001 negative=5 window=8
2017-04-05 13:15:46,299 : INFO : expecting 591 sentences, matching count from corpus used for vocabulary survey
2017-04-05 13:15:46,481 : INFO : worker thread finished; awaiting finish of 6 more threads
2017-04-05 13:15:46,505 : INFO : worker thread finished; awaiting finish of 5 more threads
2017-04-05 13:15:46,511 : INFO : worker thread finished; awaiting finish of 4 more threads
2017-04-05 13:15:46,512 : INFO : worker thread finished; awaiting finish of 3 more threads
2017-04-05 13:15:46,514 : INFO : worker thread finished; awaiting finish of 2 more threads
2017-04-05 13:15:46,515 : INFO : worker thread finished; awaiting finish of 1 more threads
2017-04-05 13:15:46,515 : INFO : worker thread finished; awaiting finish of 0 more threads
2017-04-05 13:15:46,516 : INFO : training on 265640 raw words (132260 effective words) took 0.2s, 613975 effective words/s
2017-04-05 13:15:46,516 : WARNING : under 10 jobs per worker: consider setting a smaller `batch_words' for smoother alpha decay
2017-04-05 13:15:46,516 : INFO : Epoch 30
2017-04-05 13:15:46,516 : INFO : training model with 7 workers on 5644 vocabulary and 200 features, using sg=0 hs=0 sample=0.0001 negative=5 window=8
2017-04-05 13:15:46,516 : INFO : expecting 591 sentences, matching count from corpus used for vocabulary survey
2017-04-05 13:15:46,717 : INFO : worker thread finished; awaiting finish of 6 more threads
2017-04-05 13:15:46,742 : INFO : worker thread finished; awaiting finish of 5 more threads
2017-04-05 13:15:46,743 : INFO : worker thread finished; awaiting finish of 4 more threads
2017-04-05 13:15:46,743 : INFO : worker thread finished; awaiting finish of 3 more threads
2017-04-05 13:15:46,747 : INFO : worker thread finished; awaiting finish of 2 more threads
2017-04-05 13:15:46,748 : INFO : worker thread finished; awaiting finish of 1 more threads
2017-04-05 13:15:46,749 : INFO : worker thread finished; awaiting finish of 0 more threads
2017-04-05 13:15:46,749 : INFO : training on 265640 raw words (132337 effective words) took 0.2s, 569240 effective words/s
2017-04-05 13:15:46,749 : WARNING : under 10 jobs per worker: consider setting a smaller `batch_words' for smoother alpha decay
2017-04-05 13:15:46,749 : INFO : Epoch 31
2017-04-05 13:15:46,749 : INFO : training model with 7 workers on 5644 vocabulary and 200 features, using sg=0 hs=0 sample=0.0001 negative=5 window=8
2017-04-05 13:15:46,749 : INFO : expecting 591 sentences, matching count from corpus used for vocabulary survey
2017-04-05 13:15:46,941 : INFO : worker thread finished; awaiting finish of 6 more threads
2017-04-05 13:15:46,970 : INFO : worker thread finished; awaiting finish of 5 more threads
2017-04-05 13:15:46,973 : INFO : worker thread finished; awaiting finish of 4 more threads
2017-04-05 13:15:46,976 : INFO : worker thread finished; awaiting finish of 3 more threads
2017-04-05 13:15:46,976 : INFO : worker thread finished; awaiting finish of 2 more threads
2017-04-05 13:15:46,976 : INFO : worker thread finished; awaiting finish of 1 more threads
2017-04-05 13:15:46,977 : INFO : worker thread finished; awaiting finish of 0 more threads
2017-04-05 13:15:46,978 : INFO : training on 265640 raw words (132188 effective words) took 0.2s, 583560 effective words/s
2017-04-05 13:15:46,978 : WARNING : under 10 jobs per worker: consider setting a smaller `batch_words' for smoother alpha decay
2017-04-05 13:15:46,978 : INFO : Epoch 32
2017-04-05 13:15:46,978 : INFO : training model with 7 workers on 5644 vocabulary and 200 features, using sg=0 hs=0 sample=0.0001 negative=5 window=8
2017-04-05 13:15:46,978 : INFO : expecting 591 sentences, matching count from corpus used for vocabulary survey
2017-04-05 13:15:47,178 : INFO : worker thread finished; awaiting finish of 6 more threads
2017-04-05 13:15:47,205 : INFO : worker thread finished; awaiting finish of 5 more threads
2017-04-05 13:15:47,208 : INFO : worker thread finished; awaiting finish of 4 more threads
2017-04-05 13:15:47,210 : INFO : worker thread finished; awaiting finish of 3 more threads
2017-04-05 13:15:47,211 : INFO : worker thread finished; awaiting finish of 2 more threads
2017-04-05 13:15:47,213 : INFO : worker thread finished; awaiting finish of 1 more threads
2017-04-05 13:15:47,214 : INFO : worker thread finished; awaiting finish of 0 more threads
2017-04-05 13:15:47,214 : INFO : training on 265640 raw words (131936 effective words) took 0.2s, 563360 effective words/s
2017-04-05 13:15:47,214 : WARNING : under 10 jobs per worker: consider setting a smaller `batch_words' for smoother alpha decay
2017-04-05 13:15:47,214 : INFO : Epoch 33
2017-04-05 13:15:47,214 : INFO : training model with 7 workers on 5644 vocabulary and 200 features, using sg=0 hs=0 sample=0.0001 negative=5 window=8
2017-04-05 13:15:47,214 : INFO : expecting 591 sentences, matching count from corpus used for vocabulary survey
2017-04-05 13:15:47,414 : INFO : worker thread finished; awaiting finish of 6 more threads
2017-04-05 13:15:47,441 : INFO : worker thread finished; awaiting finish of 5 more threads
2017-04-05 13:15:47,446 : INFO : worker thread finished; awaiting finish of 4 more threads
2017-04-05 13:15:47,447 : INFO : worker thread finished; awaiting finish of 3 more threads
2017-04-05 13:15:47,447 : INFO : worker thread finished; awaiting finish of 2 more threads
2017-04-05 13:15:47,449 : INFO : worker thread finished; awaiting finish of 1 more threads
2017-04-05 13:15:47,451 : INFO : worker thread finished; awaiting finish of 0 more threads
2017-04-05 13:15:47,451 : INFO : training on 265640 raw words (132309 effective words) took 0.2s, 562906 effective words/s
2017-04-05 13:15:47,451 : WARNING : under 10 jobs per worker: consider setting a smaller `batch_words' for smoother alpha decay
2017-04-05 13:15:47,451 : INFO : Epoch 34
2017-04-05 13:15:47,451 : INFO : training model with 7 workers on 5644 vocabulary and 200 features, using sg=0 hs=0 sample=0.0001 negative=5 window=8
2017-04-05 13:15:47,451 : INFO : expecting 591 sentences, matching count from corpus used for vocabulary survey
2017-04-05 13:15:47,631 : INFO : worker thread finished; awaiting finish of 6 more threads
2017-04-05 13:15:47,658 : INFO : worker thread finished; awaiting finish of 5 more threads
2017-04-05 13:15:47,663 : INFO : worker thread finished; awaiting finish of 4 more threads
2017-04-05 13:15:47,664 : INFO : worker thread finished; awaiting finish of 3 more threads
2017-04-05 13:15:47,666 : INFO : worker thread finished; awaiting finish of 2 more threads
2017-04-05 13:15:47,667 : INFO : worker thread finished; awaiting finish of 1 more threads
2017-04-05 13:15:47,668 : INFO : worker thread finished; awaiting finish of 0 more threads
2017-04-05 13:15:47,668 : INFO : training on 265640 raw words (132080 effective words) took 0.2s, 613598 effective words/s
2017-04-05 13:15:47,669 : WARNING : under 10 jobs per worker: consider setting a smaller `batch_words' for smoother alpha decay
2017-04-05 13:15:47,669 : INFO : Epoch 35
2017-04-05 13:15:47,669 : INFO : training model with 7 workers on 5644 vocabulary and 200 features, using sg=0 hs=0 sample=0.0001 negative=5 window=8
2017-04-05 13:15:47,669 : INFO : expecting 591 sentences, matching count from corpus used for vocabulary survey
2017-04-05 13:15:47,856 : INFO : worker thread finished; awaiting finish of 6 more threads
2017-04-05 13:15:47,885 : INFO : worker thread finished; awaiting finish of 5 more threads
2017-04-05 13:15:47,886 : INFO : worker thread finished; awaiting finish of 4 more threads
2017-04-05 13:15:47,888 : INFO : worker thread finished; awaiting finish of 3 more threads
2017-04-05 13:15:47,888 : INFO : worker thread finished; awaiting finish of 2 more threads
2017-04-05 13:15:47,890 : INFO : worker thread finished; awaiting finish of 1 more threads
2017-04-05 13:15:47,890 : INFO : worker thread finished; awaiting finish of 0 more threads
2017-04-05 13:15:47,890 : INFO : training on 265640 raw words (131801 effective words) took 0.2s, 600444 effective words/s
2017-04-05 13:15:47,890 : WARNING : under 10 jobs per worker: consider setting a smaller `batch_words' for smoother alpha decay
2017-04-05 13:15:47,891 : INFO : Epoch 36
2017-04-05 13:15:47,891 : INFO : training model with 7 workers on 5644 vocabulary and 200 features, using sg=0 hs=0 sample=0.0001 negative=5 window=8
2017-04-05 13:15:47,891 : INFO : expecting 591 sentences, matching count from corpus used for vocabulary survey
2017-04-05 13:15:48,087 : INFO : worker thread finished; awaiting finish of 6 more threads
2017-04-05 13:15:48,116 : INFO : worker thread finished; awaiting finish of 5 more threads
2017-04-05 13:15:48,117 : INFO : worker thread finished; awaiting finish of 4 more threads
2017-04-05 13:15:48,118 : INFO : worker thread finished; awaiting finish of 3 more threads
2017-04-05 13:15:48,122 : INFO : worker thread finished; awaiting finish of 2 more threads
2017-04-05 13:15:48,122 : INFO : worker thread finished; awaiting finish of 1 more threads
2017-04-05 13:15:48,124 : INFO : worker thread finished; awaiting finish of 0 more threads
2017-04-05 13:15:48,124 : INFO : training on 265640 raw words (132738 effective words) took 0.2s, 574084 effective words/s
2017-04-05 13:15:48,124 : WARNING : under 10 jobs per worker: consider setting a smaller `batch_words' for smoother alpha decay
2017-04-05 13:15:48,124 : INFO : Epoch 37
2017-04-05 13:15:48,124 : INFO : training model with 7 workers on 5644 vocabulary and 200 features, using sg=0 hs=0 sample=0.0001 negative=5 window=8
2017-04-05 13:15:48,124 : INFO : expecting 591 sentences, matching count from corpus used for vocabulary survey
2017-04-05 13:15:48,310 : INFO : worker thread finished; awaiting finish of 6 more threads
2017-04-05 13:15:48,329 : INFO : worker thread finished; awaiting finish of 5 more threads
2017-04-05 13:15:48,332 : INFO : worker thread finished; awaiting finish of 4 more threads
2017-04-05 13:15:48,338 : INFO : worker thread finished; awaiting finish of 3 more threads
2017-04-05 13:15:48,340 : INFO : worker thread finished; awaiting finish of 2 more threads
2017-04-05 13:15:48,342 : INFO : worker thread finished; awaiting finish of 1 more threads
2017-04-05 13:15:48,343 : INFO : worker thread finished; awaiting finish of 0 more threads
2017-04-05 13:15:48,343 : INFO : training on 265640 raw words (132230 effective words) took 0.2s, 609136 effective words/s
2017-04-05 13:15:48,343 : WARNING : under 10 jobs per worker: consider setting a smaller `batch_words' for smoother alpha decay
2017-04-05 13:15:48,343 : INFO : Epoch 38
2017-04-05 13:15:48,344 : INFO : training model with 7 workers on 5644 vocabulary and 200 features, using sg=0 hs=0 sample=0.0001 negative=5 window=8
2017-04-05 13:15:48,344 : INFO : expecting 591 sentences, matching count from corpus used for vocabulary survey
2017-04-05 13:15:48,527 : INFO : worker thread finished; awaiting finish of 6 more threads
2017-04-05 13:15:48,558 : INFO : worker thread finished; awaiting finish of 5 more threads
2017-04-05 13:15:48,559 : INFO : worker thread finished; awaiting finish of 4 more threads
2017-04-05 13:15:48,562 : INFO : worker thread finished; awaiting finish of 3 more threads
2017-04-05 13:15:48,562 : INFO : worker thread finished; awaiting finish of 2 more threads
2017-04-05 13:15:48,562 : INFO : worker thread finished; awaiting finish of 1 more threads
2017-04-05 13:15:48,562 : INFO : worker thread finished; awaiting finish of 0 more threads
2017-04-05 13:15:48,562 : INFO : training on 265640 raw words (132199 effective words) took 0.2s, 611888 effective words/s
2017-04-05 13:15:48,562 : WARNING : under 10 jobs per worker: consider setting a smaller `batch_words' for smoother alpha decay
2017-04-05 13:15:48,562 : INFO : Epoch 39
2017-04-05 13:15:48,563 : INFO : training model with 7 workers on 5644 vocabulary and 200 features, using sg=0 hs=0 sample=0.0001 negative=5 window=8
2017-04-05 13:15:48,563 : INFO : expecting 591 sentences, matching count from corpus used for vocabulary survey
2017-04-05 13:15:48,748 : INFO : worker thread finished; awaiting finish of 6 more threads
2017-04-05 13:15:48,793 : INFO : worker thread finished; awaiting finish of 5 more threads
2017-04-05 13:15:48,795 : INFO : worker thread finished; awaiting finish of 4 more threads
2017-04-05 13:15:48,796 : INFO : worker thread finished; awaiting finish of 3 more threads
2017-04-05 13:15:48,797 : INFO : worker thread finished; awaiting finish of 2 more threads
2017-04-05 13:15:48,798 : INFO : worker thread finished; awaiting finish of 1 more threads
2017-04-05 13:15:48,798 : INFO : worker thread finished; awaiting finish of 0 more threads
2017-04-05 13:15:48,798 : INFO : training on 265640 raw words (132353 effective words) took 0.2s, 564231 effective words/s
2017-04-05 13:15:48,798 : WARNING : under 10 jobs per worker: consider setting a smaller `batch_words' for smoother alpha decay
2017-04-05 13:15:48,799 : INFO : Epoch 40
2017-04-05 13:15:48,799 : INFO : training model with 7 workers on 5644 vocabulary and 200 features, using sg=0 hs=0 sample=0.0001 negative=5 window=8
2017-04-05 13:15:48,799 : INFO : expecting 591 sentences, matching count from corpus used for vocabulary survey
2017-04-05 13:15:48,969 : INFO : worker thread finished; awaiting finish of 6 more threads
2017-04-05 13:15:48,996 : INFO : worker thread finished; awaiting finish of 5 more threads
2017-04-05 13:15:48,997 : INFO : worker thread finished; awaiting finish of 4 more threads
2017-04-05 13:15:48,998 : INFO : worker thread finished; awaiting finish of 3 more threads
2017-04-05 13:15:49,000 : INFO : worker thread finished; awaiting finish of 2 more threads
2017-04-05 13:15:49,003 : INFO : worker thread finished; awaiting finish of 1 more threads
2017-04-05 13:15:49,004 : INFO : worker thread finished; awaiting finish of 0 more threads
2017-04-05 13:15:49,004 : INFO : training on 265640 raw words (132314 effective words) took 0.2s, 648639 effective words/s
2017-04-05 13:15:49,004 : WARNING : under 10 jobs per worker: consider setting a smaller `batch_words' for smoother alpha decay
2017-04-05 13:15:49,004 : INFO : Epoch 41
2017-04-05 13:15:49,005 : INFO : training model with 7 workers on 5644 vocabulary and 200 features, using sg=0 hs=0 sample=0.0001 negative=5 window=8
2017-04-05 13:15:49,005 : INFO : expecting 591 sentences, matching count from corpus used for vocabulary survey
2017-04-05 13:15:49,196 : INFO : worker thread finished; awaiting finish of 6 more threads
2017-04-05 13:15:49,220 : INFO : worker thread finished; awaiting finish of 5 more threads
2017-04-05 13:15:49,225 : INFO : worker thread finished; awaiting finish of 4 more threads
2017-04-05 13:15:49,227 : INFO : worker thread finished; awaiting finish of 3 more threads
2017-04-05 13:15:49,229 : INFO : worker thread finished; awaiting finish of 2 more threads
2017-04-05 13:15:49,232 : INFO : worker thread finished; awaiting finish of 1 more threads
2017-04-05 13:15:49,232 : INFO : worker thread finished; awaiting finish of 0 more threads
2017-04-05 13:15:49,233 : INFO : training on 265640 raw words (132321 effective words) took 0.2s, 582437 effective words/s
2017-04-05 13:15:49,233 : WARNING : under 10 jobs per worker: consider setting a smaller `batch_words' for smoother alpha decay
2017-04-05 13:15:49,233 : INFO : Epoch 42
2017-04-05 13:15:49,233 : INFO : training model with 7 workers on 5644 vocabulary and 200 features, using sg=0 hs=0 sample=0.0001 negative=5 window=8
2017-04-05 13:15:49,233 : INFO : expecting 591 sentences, matching count from corpus used for vocabulary survey
2017-04-05 13:15:49,410 : INFO : worker thread finished; awaiting finish of 6 more threads
2017-04-05 13:15:49,425 : INFO : worker thread finished; awaiting finish of 5 more threads
2017-04-05 13:15:49,436 : INFO : worker thread finished; awaiting finish of 4 more threads
2017-04-05 13:15:49,436 : INFO : worker thread finished; awaiting finish of 3 more threads
2017-04-05 13:15:49,437 : INFO : worker thread finished; awaiting finish of 2 more threads
2017-04-05 13:15:49,438 : INFO : worker thread finished; awaiting finish of 1 more threads
2017-04-05 13:15:49,439 : INFO : worker thread finished; awaiting finish of 0 more threads
2017-04-05 13:15:49,439 : INFO : training on 265640 raw words (132175 effective words) took 0.2s, 648425 effective words/s
2017-04-05 13:15:49,439 : WARNING : under 10 jobs per worker: consider setting a smaller `batch_words' for smoother alpha decay
2017-04-05 13:15:49,439 : INFO : Epoch 43
2017-04-05 13:15:49,440 : INFO : training model with 7 workers on 5644 vocabulary and 200 features, using sg=0 hs=0 sample=0.0001 negative=5 window=8
2017-04-05 13:15:49,440 : INFO : expecting 591 sentences, matching count from corpus used for vocabulary survey
2017-04-05 13:15:49,635 : INFO : worker thread finished; awaiting finish of 6 more threads
2017-04-05 13:15:49,661 : INFO : worker thread finished; awaiting finish of 5 more threads
2017-04-05 13:15:49,662 : INFO : worker thread finished; awaiting finish of 4 more threads
2017-04-05 13:15:49,662 : INFO : worker thread finished; awaiting finish of 3 more threads
2017-04-05 13:15:49,663 : INFO : worker thread finished; awaiting finish of 2 more threads
2017-04-05 13:15:49,663 : INFO : worker thread finished; awaiting finish of 1 more threads
2017-04-05 13:15:49,664 : INFO : worker thread finished; awaiting finish of 0 more threads
2017-04-05 13:15:49,664 : INFO : training on 265640 raw words (132272 effective words) took 0.2s, 592301 effective words/s
2017-04-05 13:15:49,664 : WARNING : under 10 jobs per worker: consider setting a smaller `batch_words' for smoother alpha decay
2017-04-05 13:15:49,664 : INFO : Epoch 44
2017-04-05 13:15:49,664 : INFO : training model with 7 workers on 5644 vocabulary and 200 features, using sg=0 hs=0 sample=0.0001 negative=5 window=8
2017-04-05 13:15:49,664 : INFO : expecting 591 sentences, matching count from corpus used for vocabulary survey
2017-04-05 13:15:49,873 : INFO : worker thread finished; awaiting finish of 6 more threads
2017-04-05 13:15:49,901 : INFO : worker thread finished; awaiting finish of 5 more threads
2017-04-05 13:15:49,904 : INFO : worker thread finished; awaiting finish of 4 more threads
2017-04-05 13:15:49,907 : INFO : worker thread finished; awaiting finish of 3 more threads
2017-04-05 13:15:49,907 : INFO : worker thread finished; awaiting finish of 2 more threads
2017-04-05 13:15:49,909 : INFO : worker thread finished; awaiting finish of 1 more threads
2017-04-05 13:15:49,909 : INFO : worker thread finished; awaiting finish of 0 more threads
2017-04-05 13:15:49,909 : INFO : training on 265640 raw words (132270 effective words) took 0.2s, 545102 effective words/s
2017-04-05 13:15:49,909 : WARNING : under 10 jobs per worker: consider setting a smaller `batch_words' for smoother alpha decay
2017-04-05 13:15:49,909 : INFO : Epoch 45
2017-04-05 13:15:49,910 : INFO : training model with 7 workers on 5644 vocabulary and 200 features, using sg=0 hs=0 sample=0.0001 negative=5 window=8
2017-04-05 13:15:49,910 : INFO : expecting 591 sentences, matching count from corpus used for vocabulary survey
2017-04-05 13:15:50,101 : INFO : worker thread finished; awaiting finish of 6 more threads
2017-04-05 13:15:50,129 : INFO : worker thread finished; awaiting finish of 5 more threads
2017-04-05 13:15:50,129 : INFO : worker thread finished; awaiting finish of 4 more threads
2017-04-05 13:15:50,131 : INFO : worker thread finished; awaiting finish of 3 more threads
2017-04-05 13:15:50,134 : INFO : worker thread finished; awaiting finish of 2 more threads
2017-04-05 13:15:50,139 : INFO : worker thread finished; awaiting finish of 1 more threads
2017-04-05 13:15:50,139 : INFO : worker thread finished; awaiting finish of 0 more threads
2017-04-05 13:15:50,139 : INFO : training on 265640 raw words (132228 effective words) took 0.2s, 579105 effective words/s
2017-04-05 13:15:50,139 : WARNING : under 10 jobs per worker: consider setting a smaller `batch_words' for smoother alpha decay
2017-04-05 13:15:50,139 : INFO : Epoch 46
2017-04-05 13:15:50,139 : INFO : training model with 7 workers on 5644 vocabulary and 200 features, using sg=0 hs=0 sample=0.0001 negative=5 window=8
2017-04-05 13:15:50,139 : INFO : expecting 591 sentences, matching count from corpus used for vocabulary survey
2017-04-05 13:15:50,316 : INFO : worker thread finished; awaiting finish of 6 more threads
2017-04-05 13:15:50,340 : INFO : worker thread finished; awaiting finish of 5 more threads
2017-04-05 13:15:50,345 : INFO : worker thread finished; awaiting finish of 4 more threads
2017-04-05 13:15:50,346 : INFO : worker thread finished; awaiting finish of 3 more threads
2017-04-05 13:15:50,348 : INFO : worker thread finished; awaiting finish of 2 more threads
2017-04-05 13:15:50,349 : INFO : worker thread finished; awaiting finish of 1 more threads
2017-04-05 13:15:50,349 : INFO : worker thread finished; awaiting finish of 0 more threads
2017-04-05 13:15:50,349 : INFO : training on 265640 raw words (132303 effective words) took 0.2s, 638321 effective words/s
2017-04-05 13:15:50,349 : WARNING : under 10 jobs per worker: consider setting a smaller `batch_words' for smoother alpha decay
2017-04-05 13:15:50,349 : INFO : Epoch 47
2017-04-05 13:15:50,349 : INFO : training model with 7 workers on 5644 vocabulary and 200 features, using sg=0 hs=0 sample=0.0001 negative=5 window=8
2017-04-05 13:15:50,350 : INFO : expecting 591 sentences, matching count from corpus used for vocabulary survey
2017-04-05 13:15:50,562 : INFO : worker thread finished; awaiting finish of 6 more threads
2017-04-05 13:15:50,588 : INFO : worker thread finished; awaiting finish of 5 more threads
2017-04-05 13:15:50,590 : INFO : worker thread finished; awaiting finish of 4 more threads
2017-04-05 13:15:50,593 : INFO : worker thread finished; awaiting finish of 3 more threads
2017-04-05 13:15:50,594 : INFO : worker thread finished; awaiting finish of 2 more threads
2017-04-05 13:15:50,596 : INFO : worker thread finished; awaiting finish of 1 more threads
2017-04-05 13:15:50,598 : INFO : worker thread finished; awaiting finish of 0 more threads
2017-04-05 13:15:50,598 : INFO : training on 265640 raw words (132226 effective words) took 0.2s, 534944 effective words/s
2017-04-05 13:15:50,598 : WARNING : under 10 jobs per worker: consider setting a smaller `batch_words' for smoother alpha decay
2017-04-05 13:15:50,598 : INFO : Epoch 48
2017-04-05 13:15:50,598 : INFO : training model with 7 workers on 5644 vocabulary and 200 features, using sg=0 hs=0 sample=0.0001 negative=5 window=8
2017-04-05 13:15:50,598 : INFO : expecting 591 sentences, matching count from corpus used for vocabulary survey
2017-04-05 13:15:50,790 : INFO : worker thread finished; awaiting finish of 6 more threads
2017-04-05 13:15:50,816 : INFO : worker thread finished; awaiting finish of 5 more threads
2017-04-05 13:15:50,819 : INFO : worker thread finished; awaiting finish of 4 more threads
2017-04-05 13:15:50,821 : INFO : worker thread finished; awaiting finish of 3 more threads
2017-04-05 13:15:50,821 : INFO : worker thread finished; awaiting finish of 2 more threads
2017-04-05 13:15:50,822 : INFO : worker thread finished; awaiting finish of 1 more threads
2017-04-05 13:15:50,823 : INFO : worker thread finished; awaiting finish of 0 more threads
2017-04-05 13:15:50,824 : INFO : training on 265640 raw words (132362 effective words) took 0.2s, 590464 effective words/s
2017-04-05 13:15:50,824 : WARNING : under 10 jobs per worker: consider setting a smaller `batch_words' for smoother alpha decay
2017-04-05 13:15:50,824 : INFO : Epoch 49
2017-04-05 13:15:50,824 : INFO : training model with 7 workers on 5644 vocabulary and 200 features, using sg=0 hs=0 sample=0.0001 negative=5 window=8
2017-04-05 13:15:50,824 : INFO : expecting 591 sentences, matching count from corpus used for vocabulary survey
2017-04-05 13:15:50,999 : INFO : worker thread finished; awaiting finish of 6 more threads
2017-04-05 13:15:51,024 : INFO : worker thread finished; awaiting finish of 5 more threads
2017-04-05 13:15:51,027 : INFO : worker thread finished; awaiting finish of 4 more threads
2017-04-05 13:15:51,028 : INFO : worker thread finished; awaiting finish of 3 more threads
2017-04-05 13:15:51,028 : INFO : worker thread finished; awaiting finish of 2 more threads
2017-04-05 13:15:51,029 : INFO : worker thread finished; awaiting finish of 1 more threads
2017-04-05 13:15:51,031 : INFO : worker thread finished; awaiting finish of 0 more threads
2017-04-05 13:15:51,031 : INFO : training on 265640 raw words (132365 effective words) took 0.2s, 641794 effective words/s
2017-04-05 13:15:51,031 : WARNING : under 10 jobs per worker: consider setting a smaller `batch_words' for smoother alpha decay
2017-04-05 13:15:51,031 : INFO : Epoch 50
2017-04-05 13:15:51,031 : INFO : training model with 7 workers on 5644 vocabulary and 200 features, using sg=0 hs=0 sample=0.0001 negative=5 window=8
2017-04-05 13:15:51,031 : INFO : expecting 591 sentences, matching count from corpus used for vocabulary survey
2017-04-05 13:15:51,229 : INFO : worker thread finished; awaiting finish of 6 more threads
2017-04-05 13:15:51,254 : INFO : worker thread finished; awaiting finish of 5 more threads
2017-04-05 13:15:51,255 : INFO : worker thread finished; awaiting finish of 4 more threads
2017-04-05 13:15:51,255 : INFO : worker thread finished; awaiting finish of 3 more threads
2017-04-05 13:15:51,259 : INFO : worker thread finished; awaiting finish of 2 more threads
2017-04-05 13:15:51,259 : INFO : worker thread finished; awaiting finish of 1 more threads
2017-04-05 13:15:51,259 : INFO : worker thread finished; awaiting finish of 0 more threads
2017-04-05 13:15:51,259 : INFO : training on 265640 raw words (132538 effective words) took 0.2s, 586937 effective words/s
2017-04-05 13:15:51,259 : WARNING : under 10 jobs per worker: consider setting a smaller `batch_words' for smoother alpha decay
2017-04-05 13:15:51,259 : INFO : Epoch 51
2017-04-05 13:15:51,260 : INFO : training model with 7 workers on 5644 vocabulary and 200 features, using sg=0 hs=0 sample=0.0001 negative=5 window=8
2017-04-05 13:15:51,260 : INFO : expecting 591 sentences, matching count from corpus used for vocabulary survey
2017-04-05 13:15:51,466 : INFO : worker thread finished; awaiting finish of 6 more threads
2017-04-05 13:15:51,483 : INFO : worker thread finished; awaiting finish of 5 more threads
2017-04-05 13:15:51,486 : INFO : worker thread finished; awaiting finish of 4 more threads
2017-04-05 13:15:51,488 : INFO : worker thread finished; awaiting finish of 3 more threads
2017-04-05 13:15:51,489 : INFO : worker thread finished; awaiting finish of 2 more threads
2017-04-05 13:15:51,491 : INFO : worker thread finished; awaiting finish of 1 more threads
2017-04-05 13:15:51,491 : INFO : worker thread finished; awaiting finish of 0 more threads
2017-04-05 13:15:51,491 : INFO : training on 265640 raw words (132066 effective words) took 0.2s, 572930 effective words/s
2017-04-05 13:15:51,491 : WARNING : under 10 jobs per worker: consider setting a smaller `batch_words' for smoother alpha decay
2017-04-05 13:15:51,492 : INFO : Epoch 52
2017-04-05 13:15:51,492 : INFO : training model with 7 workers on 5644 vocabulary and 200 features, using sg=0 hs=0 sample=0.0001 negative=5 window=8
2017-04-05 13:15:51,492 : INFO : expecting 591 sentences, matching count from corpus used for vocabulary survey
2017-04-05 13:15:51,663 : INFO : worker thread finished; awaiting finish of 6 more threads
2017-04-05 13:15:51,692 : INFO : worker thread finished; awaiting finish of 5 more threads
2017-04-05 13:15:51,698 : INFO : worker thread finished; awaiting finish of 4 more threads
2017-04-05 13:15:51,699 : INFO : worker thread finished; awaiting finish of 3 more threads
2017-04-05 13:15:51,703 : INFO : worker thread finished; awaiting finish of 2 more threads
2017-04-05 13:15:51,703 : INFO : worker thread finished; awaiting finish of 1 more threads
2017-04-05 13:15:51,705 : INFO : worker thread finished; awaiting finish of 0 more threads
2017-04-05 13:15:51,706 : INFO : training on 265640 raw words (132221 effective words) took 0.2s, 626476 effective words/s
2017-04-05 13:15:51,706 : WARNING : under 10 jobs per worker: consider setting a smaller `batch_words' for smoother alpha decay
2017-04-05 13:15:51,706 : INFO : Epoch 53
2017-04-05 13:15:51,706 : INFO : training model with 7 workers on 5644 vocabulary and 200 features, using sg=0 hs=0 sample=0.0001 negative=5 window=8
2017-04-05 13:15:51,706 : INFO : expecting 591 sentences, matching count from corpus used for vocabulary survey
2017-04-05 13:15:51,899 : INFO : worker thread finished; awaiting finish of 6 more threads
2017-04-05 13:15:51,920 : INFO : worker thread finished; awaiting finish of 5 more threads
2017-04-05 13:15:51,924 : INFO : worker thread finished; awaiting finish of 4 more threads
2017-04-05 13:15:51,926 : INFO : worker thread finished; awaiting finish of 3 more threads
2017-04-05 13:15:51,926 : INFO : worker thread finished; awaiting finish of 2 more threads
2017-04-05 13:15:51,930 : INFO : worker thread finished; awaiting finish of 1 more threads
2017-04-05 13:15:51,931 : INFO : worker thread finished; awaiting finish of 0 more threads
2017-04-05 13:15:51,931 : INFO : training on 265640 raw words (132112 effective words) took 0.2s, 591399 effective words/s
2017-04-05 13:15:51,931 : WARNING : under 10 jobs per worker: consider setting a smaller `batch_words' for smoother alpha decay
2017-04-05 13:15:51,931 : INFO : Epoch 54
2017-04-05 13:15:51,931 : INFO : training model with 7 workers on 5644 vocabulary and 200 features, using sg=0 hs=0 sample=0.0001 negative=5 window=8
2017-04-05 13:15:51,931 : INFO : expecting 591 sentences, matching count from corpus used for vocabulary survey
2017-04-05 13:15:52,119 : INFO : worker thread finished; awaiting finish of 6 more threads
2017-04-05 13:15:52,143 : INFO : worker thread finished; awaiting finish of 5 more threads
2017-04-05 13:15:52,149 : INFO : worker thread finished; awaiting finish of 4 more threads
2017-04-05 13:15:52,153 : INFO : worker thread finished; awaiting finish of 3 more threads
2017-04-05 13:15:52,155 : INFO : worker thread finished; awaiting finish of 2 more threads
2017-04-05 13:15:52,156 : INFO : worker thread finished; awaiting finish of 1 more threads
2017-04-05 13:15:52,157 : INFO : worker thread finished; awaiting finish of 0 more threads
2017-04-05 13:15:52,157 : INFO : training on 265640 raw words (132325 effective words) took 0.2s, 591108 effective words/s
2017-04-05 13:15:52,157 : WARNING : under 10 jobs per worker: consider setting a smaller `batch_words' for smoother alpha decay
2017-04-05 13:15:52,157 : INFO : Epoch 55
2017-04-05 13:15:52,157 : INFO : training model with 7 workers on 5644 vocabulary and 200 features, using sg=0 hs=0 sample=0.0001 negative=5 window=8
2017-04-05 13:15:52,157 : INFO : expecting 591 sentences, matching count from corpus used for vocabulary survey
2017-04-05 13:15:52,353 : INFO : worker thread finished; awaiting finish of 6 more threads
2017-04-05 13:15:52,380 : INFO : worker thread finished; awaiting finish of 5 more threads
2017-04-05 13:15:52,380 : INFO : worker thread finished; awaiting finish of 4 more threads
2017-04-05 13:15:52,387 : INFO : worker thread finished; awaiting finish of 3 more threads
2017-04-05 13:15:52,387 : INFO : worker thread finished; awaiting finish of 2 more threads
2017-04-05 13:15:52,389 : INFO : worker thread finished; awaiting finish of 1 more threads
2017-04-05 13:15:52,390 : INFO : worker thread finished; awaiting finish of 0 more threads
2017-04-05 13:15:52,390 : INFO : training on 265640 raw words (132214 effective words) took 0.2s, 570621 effective words/s
2017-04-05 13:15:52,390 : WARNING : under 10 jobs per worker: consider setting a smaller `batch_words' for smoother alpha decay
2017-04-05 13:15:52,390 : INFO : Epoch 56
2017-04-05 13:15:52,390 : INFO : training model with 7 workers on 5644 vocabulary and 200 features, using sg=0 hs=0 sample=0.0001 negative=5 window=8
2017-04-05 13:15:52,390 : INFO : expecting 591 sentences, matching count from corpus used for vocabulary survey
2017-04-05 13:15:52,562 : INFO : worker thread finished; awaiting finish of 6 more threads
2017-04-05 13:15:52,586 : INFO : worker thread finished; awaiting finish of 5 more threads
2017-04-05 13:15:52,588 : INFO : worker thread finished; awaiting finish of 4 more threads
2017-04-05 13:15:52,589 : INFO : worker thread finished; awaiting finish of 3 more threads
2017-04-05 13:15:52,591 : INFO : worker thread finished; awaiting finish of 2 more threads
2017-04-05 13:15:52,594 : INFO : worker thread finished; awaiting finish of 1 more threads
2017-04-05 13:15:52,596 : INFO : worker thread finished; awaiting finish of 0 more threads
2017-04-05 13:15:52,597 : INFO : training on 265640 raw words (132227 effective words) took 0.2s, 648731 effective words/s
2017-04-05 13:15:52,597 : WARNING : under 10 jobs per worker: consider setting a smaller `batch_words' for smoother alpha decay
2017-04-05 13:15:52,597 : INFO : Epoch 57
2017-04-05 13:15:52,597 : INFO : training model with 7 workers on 5644 vocabulary and 200 features, using sg=0 hs=0 sample=0.0001 negative=5 window=8
2017-04-05 13:15:52,597 : INFO : expecting 591 sentences, matching count from corpus used for vocabulary survey
2017-04-05 13:15:52,776 : INFO : worker thread finished; awaiting finish of 6 more threads
2017-04-05 13:15:52,808 : INFO : worker thread finished; awaiting finish of 5 more threads
2017-04-05 13:15:52,810 : INFO : worker thread finished; awaiting finish of 4 more threads
2017-04-05 13:15:52,814 : INFO : worker thread finished; awaiting finish of 3 more threads
2017-04-05 13:15:52,815 : INFO : worker thread finished; awaiting finish of 2 more threads
2017-04-05 13:15:52,816 : INFO : worker thread finished; awaiting finish of 1 more threads
2017-04-05 13:15:52,816 : INFO : worker thread finished; awaiting finish of 0 more threads
2017-04-05 13:15:52,816 : INFO : training on 265640 raw words (131992 effective words) took 0.2s, 609119 effective words/s
2017-04-05 13:15:52,816 : WARNING : under 10 jobs per worker: consider setting a smaller `batch_words' for smoother alpha decay
2017-04-05 13:15:52,816 : INFO : Epoch 58
2017-04-05 13:15:52,816 : INFO : training model with 7 workers on 5644 vocabulary and 200 features, using sg=0 hs=0 sample=0.0001 negative=5 window=8
2017-04-05 13:15:52,816 : INFO : expecting 591 sentences, matching count from corpus used for vocabulary survey
2017-04-05 13:15:53,013 : INFO : worker thread finished; awaiting finish of 6 more threads
2017-04-05 13:15:53,039 : INFO : worker thread finished; awaiting finish of 5 more threads
2017-04-05 13:15:53,040 : INFO : worker thread finished; awaiting finish of 4 more threads
2017-04-05 13:15:53,041 : INFO : worker thread finished; awaiting finish of 3 more threads
2017-04-05 13:15:53,042 : INFO : worker thread finished; awaiting finish of 2 more threads
2017-04-05 13:15:53,043 : INFO : worker thread finished; awaiting finish of 1 more threads
2017-04-05 13:15:53,045 : INFO : worker thread finished; awaiting finish of 0 more threads
2017-04-05 13:15:53,045 : INFO : training on 265640 raw words (132072 effective words) took 0.2s, 578933 effective words/s
2017-04-05 13:15:53,045 : WARNING : under 10 jobs per worker: consider setting a smaller `batch_words' for smoother alpha decay
2017-04-05 13:15:53,045 : INFO : Epoch 59
2017-04-05 13:15:53,045 : INFO : training model with 7 workers on 5644 vocabulary and 200 features, using sg=0 hs=0 sample=0.0001 negative=5 window=8
2017-04-05 13:15:53,045 : INFO : expecting 591 sentences, matching count from corpus used for vocabulary survey
2017-04-05 13:15:53,228 : INFO : worker thread finished; awaiting finish of 6 more threads
2017-04-05 13:15:53,251 : INFO : worker thread finished; awaiting finish of 5 more threads
2017-04-05 13:15:53,254 : INFO : worker thread finished; awaiting finish of 4 more threads
2017-04-05 13:15:53,259 : INFO : worker thread finished; awaiting finish of 3 more threads
2017-04-05 13:15:53,261 : INFO : worker thread finished; awaiting finish of 2 more threads
2017-04-05 13:15:53,261 : INFO : worker thread finished; awaiting finish of 1 more threads
2017-04-05 13:15:53,262 : INFO : worker thread finished; awaiting finish of 0 more threads
2017-04-05 13:15:53,262 : INFO : training on 265640 raw words (132364 effective words) took 0.2s, 617831 effective words/s
2017-04-05 13:15:53,262 : WARNING : under 10 jobs per worker: consider setting a smaller `batch_words' for smoother alpha decay
2017-04-05 13:15:53,262 : INFO : Epoch 60
2017-04-05 13:15:53,262 : INFO : training model with 7 workers on 5644 vocabulary and 200 features, using sg=0 hs=0 sample=0.0001 negative=5 window=8
2017-04-05 13:15:53,262 : INFO : expecting 591 sentences, matching count from corpus used for vocabulary survey
2017-04-05 13:15:53,448 : INFO : worker thread finished; awaiting finish of 6 more threads
2017-04-05 13:15:53,479 : INFO : worker thread finished; awaiting finish of 5 more threads
2017-04-05 13:15:53,484 : INFO : worker thread finished; awaiting finish of 4 more threads
2017-04-05 13:15:53,486 : INFO : worker thread finished; awaiting finish of 3 more threads
2017-04-05 13:15:53,487 : INFO : worker thread finished; awaiting finish of 2 more threads
2017-04-05 13:15:53,487 : INFO : worker thread finished; awaiting finish of 1 more threads
2017-04-05 13:15:53,488 : INFO : worker thread finished; awaiting finish of 0 more threads
2017-04-05 13:15:53,488 : INFO : training on 265640 raw words (132398 effective words) took 0.2s, 591300 effective words/s
2017-04-05 13:15:53,488 : WARNING : under 10 jobs per worker: consider setting a smaller `batch_words' for smoother alpha decay
2017-04-05 13:15:53,488 : INFO : Epoch 61
2017-04-05 13:15:53,488 : INFO : training model with 7 workers on 5644 vocabulary and 200 features, using sg=0 hs=0 sample=0.0001 negative=5 window=8
2017-04-05 13:15:53,488 : INFO : expecting 591 sentences, matching count from corpus used for vocabulary survey
----------------------------------------
Problem running the job:
(<type 'exceptions.SystemExit'>, SystemExit(0,), <traceback object at 0x7f13a85953f8>)
Traceback (most recent call last):
  File "/mnt/c/Source/spearmint/spearmint/spearmint/runner.py", line 41, in job_runner
    elif job.language == PYTHON: run_python_job(job)
  File "/mnt/c/Source/spearmint/spearmint/spearmint/runner.py", line 131, in run_python_job
    result = module.main(job.id, params)
  File "/mnt/c/Source/spearmint/spearmint/examples/word2vec-sentiments/doc2vec.py", line 118, in main
    return doc_convert(SIZE,MIN_COUNT,WINDOW,NEGATIVE_WORDS,EPOCH_SIZE)
  File "/mnt/c/Source/spearmint/spearmint/examples/word2vec-sentiments/doc2vec.py", line 71, in doc_convert
    model.train(sentences.sentences_perm())
  File "/usr/local/lib/python2.7/dist-packages/gensim-1.0.1-py2.7-linux-x86_64.egg/gensim/models/word2vec.py", line 905, in train
    report = progress_queue.get()  # blocks if workers too slow
  File "/usr/lib/python2.7/Queue.py", line 168, in get
    self.not_empty.wait()
  File "/usr/lib/python2.7/threading.py", line 339, in wait
    waiter.acquire()
  File "/mnt/c/Source/spearmint/spearmint/bin/../spearmint/main.py", line 323, in sigint_handler
    sys.exit(0)
SystemExit: 0
None
----------------------------------------
Job file reloaded.
Could not find value in output file.
Job failed in 14.33 seconds.
