Running in wrapper mode for '20003'

Running python job.

2017-04-05 13:15:17,456 : INFO : running /mnt/c/Source/spearmint/spearmint/bin/../spearmint/main.py ../examples/word2vec-sentiments/config.pb --driver=local --method=GPEIOptChooser --method-args=noiseless=0
2017-04-05 13:15:17,516 : INFO : collecting all words and their counts
2017-04-05 13:15:17,516 : INFO : PROGRESS: at example #0, processed 0 words (0/s), 0 word types, 0 tags
2017-04-05 13:15:17,534 : INFO : collected 5644 word types and 591 unique tags from a corpus of 591 examples and 53128 words
2017-04-05 13:15:17,534 : INFO : Loading a fresh vocabulary
2017-04-05 13:15:17,546 : INFO : min_count=5 retains 1363 unique words (24% of original 5644, drops 4281)
2017-04-05 13:15:17,546 : INFO : min_count=5 leaves 45081 word corpus (84% of original 53128, drops 8047)
2017-04-05 13:15:17,555 : INFO : deleting the raw counts dictionary of 5644 items
2017-04-05 13:15:17,556 : INFO : sample=0.0001 downsamples 605 most-common words
2017-04-05 13:15:17,556 : INFO : downsampling leaves estimated 16677 word corpus (37.0% of prior 45081)
2017-04-05 13:15:17,556 : INFO : estimated required memory for 1363 words and 200 dimensions: 3453300 bytes
2017-04-05 13:15:17,560 : INFO : resetting layer weights
2017-04-05 13:15:17,593 : INFO : Epoch 0
2017-04-05 13:15:17,593 : INFO : training model with 7 workers on 1363 vocabulary and 200 features, using sg=0 hs=0 sample=0.0001 negative=5 window=20
2017-04-05 13:15:17,593 : INFO : expecting 591 sentences, matching count from corpus used for vocabulary survey
2017-04-05 13:15:17,785 : INFO : worker thread finished; awaiting finish of 6 more threads
2017-04-05 13:15:17,813 : INFO : worker thread finished; awaiting finish of 5 more threads
2017-04-05 13:15:17,814 : INFO : worker thread finished; awaiting finish of 4 more threads
2017-04-05 13:15:17,817 : INFO : worker thread finished; awaiting finish of 3 more threads
2017-04-05 13:15:17,819 : INFO : worker thread finished; awaiting finish of 2 more threads
2017-04-05 13:15:17,819 : INFO : worker thread finished; awaiting finish of 1 more threads
2017-04-05 13:15:17,821 : INFO : worker thread finished; awaiting finish of 0 more threads
2017-04-05 13:15:17,821 : INFO : training on 265640 raw words (86286 effective words) took 0.2s, 406866 effective words/s
2017-04-05 13:15:17,821 : WARNING : under 10 jobs per worker: consider setting a smaller `batch_words' for smoother alpha decay
2017-04-05 13:15:17,821 : INFO : Epoch 1
2017-04-05 13:15:17,821 : INFO : training model with 7 workers on 1363 vocabulary and 200 features, using sg=0 hs=0 sample=0.0001 negative=5 window=20
2017-04-05 13:15:17,821 : INFO : expecting 591 sentences, matching count from corpus used for vocabulary survey
2017-04-05 13:15:17,991 : INFO : worker thread finished; awaiting finish of 6 more threads
2017-04-05 13:15:18,020 : INFO : worker thread finished; awaiting finish of 5 more threads
2017-04-05 13:15:18,022 : INFO : worker thread finished; awaiting finish of 4 more threads
2017-04-05 13:15:18,023 : INFO : worker thread finished; awaiting finish of 3 more threads
2017-04-05 13:15:18,023 : INFO : worker thread finished; awaiting finish of 2 more threads
2017-04-05 13:15:18,024 : INFO : worker thread finished; awaiting finish of 1 more threads
2017-04-05 13:15:18,027 : INFO : worker thread finished; awaiting finish of 0 more threads
2017-04-05 13:15:18,027 : INFO : training on 265640 raw words (86482 effective words) took 0.2s, 423825 effective words/s
2017-04-05 13:15:18,027 : WARNING : under 10 jobs per worker: consider setting a smaller `batch_words' for smoother alpha decay
2017-04-05 13:15:18,027 : INFO : Epoch 2
2017-04-05 13:15:18,028 : INFO : training model with 7 workers on 1363 vocabulary and 200 features, using sg=0 hs=0 sample=0.0001 negative=5 window=20
2017-04-05 13:15:18,028 : INFO : expecting 591 sentences, matching count from corpus used for vocabulary survey
2017-04-05 13:15:18,202 : INFO : worker thread finished; awaiting finish of 6 more threads
2017-04-05 13:15:18,228 : INFO : worker thread finished; awaiting finish of 5 more threads
2017-04-05 13:15:18,229 : INFO : worker thread finished; awaiting finish of 4 more threads
2017-04-05 13:15:18,229 : INFO : worker thread finished; awaiting finish of 3 more threads
2017-04-05 13:15:18,230 : INFO : worker thread finished; awaiting finish of 2 more threads
2017-04-05 13:15:18,230 : INFO : worker thread finished; awaiting finish of 1 more threads
2017-04-05 13:15:18,230 : INFO : worker thread finished; awaiting finish of 0 more threads
2017-04-05 13:15:18,230 : INFO : training on 265640 raw words (86558 effective words) took 0.2s, 432699 effective words/s
2017-04-05 13:15:18,230 : WARNING : under 10 jobs per worker: consider setting a smaller `batch_words' for smoother alpha decay
2017-04-05 13:15:18,230 : INFO : Epoch 3
2017-04-05 13:15:18,230 : INFO : training model with 7 workers on 1363 vocabulary and 200 features, using sg=0 hs=0 sample=0.0001 negative=5 window=20
2017-04-05 13:15:18,230 : INFO : expecting 591 sentences, matching count from corpus used for vocabulary survey
2017-04-05 13:15:18,402 : INFO : worker thread finished; awaiting finish of 6 more threads
2017-04-05 13:15:18,424 : INFO : worker thread finished; awaiting finish of 5 more threads
2017-04-05 13:15:18,425 : INFO : worker thread finished; awaiting finish of 4 more threads
2017-04-05 13:15:18,426 : INFO : worker thread finished; awaiting finish of 3 more threads
2017-04-05 13:15:18,429 : INFO : worker thread finished; awaiting finish of 2 more threads
2017-04-05 13:15:18,429 : INFO : worker thread finished; awaiting finish of 1 more threads
2017-04-05 13:15:18,429 : INFO : worker thread finished; awaiting finish of 0 more threads
2017-04-05 13:15:18,430 : INFO : training on 265640 raw words (85990 effective words) took 0.2s, 434194 effective words/s
2017-04-05 13:15:18,430 : WARNING : under 10 jobs per worker: consider setting a smaller `batch_words' for smoother alpha decay
2017-04-05 13:15:18,430 : INFO : Epoch 4
2017-04-05 13:15:18,430 : INFO : training model with 7 workers on 1363 vocabulary and 200 features, using sg=0 hs=0 sample=0.0001 negative=5 window=20
2017-04-05 13:15:18,430 : INFO : expecting 591 sentences, matching count from corpus used for vocabulary survey
2017-04-05 13:15:18,602 : INFO : worker thread finished; awaiting finish of 6 more threads
2017-04-05 13:15:18,625 : INFO : worker thread finished; awaiting finish of 5 more threads
2017-04-05 13:15:18,626 : INFO : worker thread finished; awaiting finish of 4 more threads
2017-04-05 13:15:18,629 : INFO : worker thread finished; awaiting finish of 3 more threads
2017-04-05 13:15:18,632 : INFO : worker thread finished; awaiting finish of 2 more threads
2017-04-05 13:15:18,633 : INFO : worker thread finished; awaiting finish of 1 more threads
2017-04-05 13:15:18,633 : INFO : worker thread finished; awaiting finish of 0 more threads
2017-04-05 13:15:18,633 : INFO : training on 265640 raw words (86127 effective words) took 0.2s, 428303 effective words/s
2017-04-05 13:15:18,633 : WARNING : under 10 jobs per worker: consider setting a smaller `batch_words' for smoother alpha decay
2017-04-05 13:15:18,633 : INFO : Epoch 5
2017-04-05 13:15:18,634 : INFO : training model with 7 workers on 1363 vocabulary and 200 features, using sg=0 hs=0 sample=0.0001 negative=5 window=20
2017-04-05 13:15:18,634 : INFO : expecting 591 sentences, matching count from corpus used for vocabulary survey
2017-04-05 13:15:18,808 : INFO : worker thread finished; awaiting finish of 6 more threads
2017-04-05 13:15:18,834 : INFO : worker thread finished; awaiting finish of 5 more threads
2017-04-05 13:15:18,839 : INFO : worker thread finished; awaiting finish of 4 more threads
2017-04-05 13:15:18,840 : INFO : worker thread finished; awaiting finish of 3 more threads
2017-04-05 13:15:18,841 : INFO : worker thread finished; awaiting finish of 2 more threads
2017-04-05 13:15:18,842 : INFO : worker thread finished; awaiting finish of 1 more threads
2017-04-05 13:15:18,842 : INFO : worker thread finished; awaiting finish of 0 more threads
2017-04-05 13:15:18,842 : INFO : training on 265640 raw words (85925 effective words) took 0.2s, 415464 effective words/s
2017-04-05 13:15:18,843 : WARNING : under 10 jobs per worker: consider setting a smaller `batch_words' for smoother alpha decay
2017-04-05 13:15:18,843 : INFO : Epoch 6
2017-04-05 13:15:18,843 : INFO : training model with 7 workers on 1363 vocabulary and 200 features, using sg=0 hs=0 sample=0.0001 negative=5 window=20
2017-04-05 13:15:18,843 : INFO : expecting 591 sentences, matching count from corpus used for vocabulary survey
2017-04-05 13:15:19,016 : INFO : worker thread finished; awaiting finish of 6 more threads
2017-04-05 13:15:19,041 : INFO : worker thread finished; awaiting finish of 5 more threads
2017-04-05 13:15:19,042 : INFO : worker thread finished; awaiting finish of 4 more threads
2017-04-05 13:15:19,044 : INFO : worker thread finished; awaiting finish of 3 more threads
2017-04-05 13:15:19,044 : INFO : worker thread finished; awaiting finish of 2 more threads
2017-04-05 13:15:19,048 : INFO : worker thread finished; awaiting finish of 1 more threads
2017-04-05 13:15:19,048 : INFO : worker thread finished; awaiting finish of 0 more threads
2017-04-05 13:15:19,048 : INFO : training on 265640 raw words (86176 effective words) took 0.2s, 423282 effective words/s
2017-04-05 13:15:19,048 : WARNING : under 10 jobs per worker: consider setting a smaller `batch_words' for smoother alpha decay
2017-04-05 13:15:19,048 : INFO : Epoch 7
2017-04-05 13:15:19,049 : INFO : training model with 7 workers on 1363 vocabulary and 200 features, using sg=0 hs=0 sample=0.0001 negative=5 window=20
2017-04-05 13:15:19,049 : INFO : expecting 591 sentences, matching count from corpus used for vocabulary survey
2017-04-05 13:15:19,217 : INFO : worker thread finished; awaiting finish of 6 more threads
2017-04-05 13:15:19,242 : INFO : worker thread finished; awaiting finish of 5 more threads
2017-04-05 13:15:19,245 : INFO : worker thread finished; awaiting finish of 4 more threads
2017-04-05 13:15:19,246 : INFO : worker thread finished; awaiting finish of 3 more threads
2017-04-05 13:15:19,246 : INFO : worker thread finished; awaiting finish of 2 more threads
2017-04-05 13:15:19,247 : INFO : worker thread finished; awaiting finish of 1 more threads
2017-04-05 13:15:19,249 : INFO : worker thread finished; awaiting finish of 0 more threads
2017-04-05 13:15:19,249 : INFO : training on 265640 raw words (86431 effective words) took 0.2s, 436371 effective words/s
2017-04-05 13:15:19,249 : WARNING : under 10 jobs per worker: consider setting a smaller `batch_words' for smoother alpha decay
2017-04-05 13:15:19,249 : INFO : Epoch 8
2017-04-05 13:15:19,249 : INFO : training model with 7 workers on 1363 vocabulary and 200 features, using sg=0 hs=0 sample=0.0001 negative=5 window=20
2017-04-05 13:15:19,249 : INFO : expecting 591 sentences, matching count from corpus used for vocabulary survey
2017-04-05 13:15:19,426 : INFO : worker thread finished; awaiting finish of 6 more threads
2017-04-05 13:15:19,453 : INFO : worker thread finished; awaiting finish of 5 more threads
2017-04-05 13:15:19,457 : INFO : worker thread finished; awaiting finish of 4 more threads
2017-04-05 13:15:19,459 : INFO : worker thread finished; awaiting finish of 3 more threads
2017-04-05 13:15:19,460 : INFO : worker thread finished; awaiting finish of 2 more threads
2017-04-05 13:15:19,460 : INFO : worker thread finished; awaiting finish of 1 more threads
2017-04-05 13:15:19,463 : INFO : worker thread finished; awaiting finish of 0 more threads
2017-04-05 13:15:19,463 : INFO : training on 265640 raw words (86469 effective words) took 0.2s, 408696 effective words/s
2017-04-05 13:15:19,463 : WARNING : under 10 jobs per worker: consider setting a smaller `batch_words' for smoother alpha decay
2017-04-05 13:15:19,463 : INFO : Epoch 9
2017-04-05 13:15:19,463 : INFO : training model with 7 workers on 1363 vocabulary and 200 features, using sg=0 hs=0 sample=0.0001 negative=5 window=20
2017-04-05 13:15:19,463 : INFO : expecting 591 sentences, matching count from corpus used for vocabulary survey
2017-04-05 13:15:19,637 : INFO : worker thread finished; awaiting finish of 6 more threads
2017-04-05 13:15:19,659 : INFO : worker thread finished; awaiting finish of 5 more threads
2017-04-05 13:15:19,660 : INFO : worker thread finished; awaiting finish of 4 more threads
2017-04-05 13:15:19,663 : INFO : worker thread finished; awaiting finish of 3 more threads
2017-04-05 13:15:19,666 : INFO : worker thread finished; awaiting finish of 2 more threads
2017-04-05 13:15:19,667 : INFO : worker thread finished; awaiting finish of 1 more threads
2017-04-05 13:15:19,668 : INFO : worker thread finished; awaiting finish of 0 more threads
2017-04-05 13:15:19,668 : INFO : training on 265640 raw words (86120 effective words) took 0.2s, 427206 effective words/s
2017-04-05 13:15:19,668 : WARNING : under 10 jobs per worker: consider setting a smaller `batch_words' for smoother alpha decay
2017-04-05 13:15:19,668 : INFO : Epoch 10
2017-04-05 13:15:19,668 : INFO : training model with 7 workers on 1363 vocabulary and 200 features, using sg=0 hs=0 sample=0.0001 negative=5 window=20
2017-04-05 13:15:19,668 : INFO : expecting 591 sentences, matching count from corpus used for vocabulary survey
2017-04-05 13:15:19,844 : INFO : worker thread finished; awaiting finish of 6 more threads
2017-04-05 13:15:19,863 : INFO : worker thread finished; awaiting finish of 5 more threads
2017-04-05 13:15:19,868 : INFO : worker thread finished; awaiting finish of 4 more threads
2017-04-05 13:15:19,868 : INFO : worker thread finished; awaiting finish of 3 more threads
2017-04-05 13:15:19,869 : INFO : worker thread finished; awaiting finish of 2 more threads
2017-04-05 13:15:19,870 : INFO : worker thread finished; awaiting finish of 1 more threads
2017-04-05 13:15:19,870 : INFO : worker thread finished; awaiting finish of 0 more threads
2017-04-05 13:15:19,870 : INFO : training on 265640 raw words (86203 effective words) took 0.2s, 429747 effective words/s
2017-04-05 13:15:19,870 : WARNING : under 10 jobs per worker: consider setting a smaller `batch_words' for smoother alpha decay
2017-04-05 13:15:19,871 : INFO : Epoch 11
2017-04-05 13:15:19,871 : INFO : training model with 7 workers on 1363 vocabulary and 200 features, using sg=0 hs=0 sample=0.0001 negative=5 window=20
2017-04-05 13:15:19,871 : INFO : expecting 591 sentences, matching count from corpus used for vocabulary survey
2017-04-05 13:15:20,030 : INFO : worker thread finished; awaiting finish of 6 more threads
2017-04-05 13:15:20,054 : INFO : worker thread finished; awaiting finish of 5 more threads
2017-04-05 13:15:20,054 : INFO : worker thread finished; awaiting finish of 4 more threads
2017-04-05 13:15:20,056 : INFO : worker thread finished; awaiting finish of 3 more threads
2017-04-05 13:15:20,056 : INFO : worker thread finished; awaiting finish of 2 more threads
2017-04-05 13:15:20,058 : INFO : worker thread finished; awaiting finish of 1 more threads
2017-04-05 13:15:20,060 : INFO : worker thread finished; awaiting finish of 0 more threads
2017-04-05 13:15:20,060 : INFO : training on 265640 raw words (86404 effective words) took 0.2s, 459574 effective words/s
2017-04-05 13:15:20,060 : WARNING : under 10 jobs per worker: consider setting a smaller `batch_words' for smoother alpha decay
2017-04-05 13:15:20,061 : INFO : Sentiment
2017-04-05 13:15:20,062 : INFO : Fitting
Got result 0.382979

Job file reloaded.
Completed successfully in 6.71 seconds. [0.382979]
setting job 20003 complete
set...
