Running in wrapper mode for '20004'

Running python job.

2017-04-05 13:15:24,486 : INFO : running /mnt/c/Source/spearmint/spearmint/bin/../spearmint/main.py ../examples/word2vec-sentiments/config.pb --driver=local --method=GPEIOptChooser --method-args=noiseless=0
2017-04-05 13:15:24,495 : INFO : collecting all words and their counts
2017-04-05 13:15:24,495 : INFO : PROGRESS: at example #0, processed 0 words (0/s), 0 word types, 0 tags
2017-04-05 13:15:24,504 : INFO : collected 5644 word types and 591 unique tags from a corpus of 591 examples and 53128 words
2017-04-05 13:15:24,504 : INFO : Loading a fresh vocabulary
2017-04-05 13:15:24,516 : INFO : min_count=1 retains 5644 unique words (100% of original 5644, drops 0)
2017-04-05 13:15:24,516 : INFO : min_count=1 leaves 53128 word corpus (100% of original 53128, drops 0)
2017-04-05 13:15:24,531 : INFO : deleting the raw counts dictionary of 5644 items
2017-04-05 13:15:24,532 : INFO : sample=0.0001 downsamples 528 most-common words
2017-04-05 13:15:24,532 : INFO : downsampling leaves estimated 25852 word corpus (48.7% of prior 53128)
2017-04-05 13:15:24,532 : INFO : estimated required memory for 5644 words and 200 dimensions: 12443400 bytes
2017-04-05 13:15:24,540 : INFO : resetting layer weights
2017-04-05 13:15:24,625 : INFO : Epoch 0
2017-04-05 13:15:24,626 : INFO : training model with 7 workers on 5644 vocabulary and 200 features, using sg=0 hs=0 sample=0.0001 negative=5 window=20
2017-04-05 13:15:24,626 : INFO : expecting 591 sentences, matching count from corpus used for vocabulary survey
2017-04-05 13:15:24,854 : INFO : worker thread finished; awaiting finish of 6 more threads
2017-04-05 13:15:24,873 : INFO : worker thread finished; awaiting finish of 5 more threads
2017-04-05 13:15:24,875 : INFO : worker thread finished; awaiting finish of 4 more threads
2017-04-05 13:15:24,875 : INFO : worker thread finished; awaiting finish of 3 more threads
2017-04-05 13:15:24,877 : INFO : worker thread finished; awaiting finish of 2 more threads
2017-04-05 13:15:24,879 : INFO : worker thread finished; awaiting finish of 1 more threads
2017-04-05 13:15:24,879 : INFO : worker thread finished; awaiting finish of 0 more threads
2017-04-05 13:15:24,879 : INFO : training on 265640 raw words (132213 effective words) took 0.2s, 549398 effective words/s
2017-04-05 13:15:24,879 : WARNING : under 10 jobs per worker: consider setting a smaller `batch_words' for smoother alpha decay
2017-04-05 13:15:24,879 : INFO : Epoch 1
2017-04-05 13:15:24,879 : INFO : training model with 7 workers on 5644 vocabulary and 200 features, using sg=0 hs=0 sample=0.0001 negative=5 window=20
2017-04-05 13:15:24,879 : INFO : expecting 591 sentences, matching count from corpus used for vocabulary survey
2017-04-05 13:15:25,071 : INFO : worker thread finished; awaiting finish of 6 more threads
2017-04-05 13:15:25,102 : INFO : worker thread finished; awaiting finish of 5 more threads
2017-04-05 13:15:25,103 : INFO : worker thread finished; awaiting finish of 4 more threads
2017-04-05 13:15:25,103 : INFO : worker thread finished; awaiting finish of 3 more threads
2017-04-05 13:15:25,106 : INFO : worker thread finished; awaiting finish of 2 more threads
2017-04-05 13:15:25,107 : INFO : worker thread finished; awaiting finish of 1 more threads
2017-04-05 13:15:25,108 : INFO : worker thread finished; awaiting finish of 0 more threads
2017-04-05 13:15:25,108 : INFO : training on 265640 raw words (132371 effective words) took 0.2s, 586631 effective words/s
2017-04-05 13:15:25,108 : WARNING : under 10 jobs per worker: consider setting a smaller `batch_words' for smoother alpha decay
2017-04-05 13:15:25,108 : INFO : Epoch 2
2017-04-05 13:15:25,108 : INFO : training model with 7 workers on 5644 vocabulary and 200 features, using sg=0 hs=0 sample=0.0001 negative=5 window=20
2017-04-05 13:15:25,109 : INFO : expecting 591 sentences, matching count from corpus used for vocabulary survey
2017-04-05 13:15:25,294 : INFO : worker thread finished; awaiting finish of 6 more threads
2017-04-05 13:15:25,333 : INFO : worker thread finished; awaiting finish of 5 more threads
2017-04-05 13:15:25,336 : INFO : worker thread finished; awaiting finish of 4 more threads
2017-04-05 13:15:25,337 : INFO : worker thread finished; awaiting finish of 3 more threads
2017-04-05 13:15:25,337 : INFO : worker thread finished; awaiting finish of 2 more threads
2017-04-05 13:15:25,337 : INFO : worker thread finished; awaiting finish of 1 more threads
2017-04-05 13:15:25,339 : INFO : worker thread finished; awaiting finish of 0 more threads
2017-04-05 13:15:25,339 : INFO : training on 265640 raw words (132107 effective words) took 0.2s, 576506 effective words/s
2017-04-05 13:15:25,339 : WARNING : under 10 jobs per worker: consider setting a smaller `batch_words' for smoother alpha decay
2017-04-05 13:15:25,339 : INFO : Epoch 3
2017-04-05 13:15:25,339 : INFO : training model with 7 workers on 5644 vocabulary and 200 features, using sg=0 hs=0 sample=0.0001 negative=5 window=20
2017-04-05 13:15:25,339 : INFO : expecting 591 sentences, matching count from corpus used for vocabulary survey
2017-04-05 13:15:25,528 : INFO : worker thread finished; awaiting finish of 6 more threads
2017-04-05 13:15:25,564 : INFO : worker thread finished; awaiting finish of 5 more threads
2017-04-05 13:15:25,567 : INFO : worker thread finished; awaiting finish of 4 more threads
2017-04-05 13:15:25,568 : INFO : worker thread finished; awaiting finish of 3 more threads
2017-04-05 13:15:25,568 : INFO : worker thread finished; awaiting finish of 2 more threads
2017-04-05 13:15:25,570 : INFO : worker thread finished; awaiting finish of 1 more threads
2017-04-05 13:15:25,573 : INFO : worker thread finished; awaiting finish of 0 more threads
2017-04-05 13:15:25,574 : INFO : training on 265640 raw words (132256 effective words) took 0.2s, 568525 effective words/s
2017-04-05 13:15:25,574 : WARNING : under 10 jobs per worker: consider setting a smaller `batch_words' for smoother alpha decay
2017-04-05 13:15:25,574 : INFO : Epoch 4
2017-04-05 13:15:25,574 : INFO : training model with 7 workers on 5644 vocabulary and 200 features, using sg=0 hs=0 sample=0.0001 negative=5 window=20
2017-04-05 13:15:25,574 : INFO : expecting 591 sentences, matching count from corpus used for vocabulary survey
2017-04-05 13:15:25,761 : INFO : worker thread finished; awaiting finish of 6 more threads
2017-04-05 13:15:25,791 : INFO : worker thread finished; awaiting finish of 5 more threads
2017-04-05 13:15:25,793 : INFO : worker thread finished; awaiting finish of 4 more threads
2017-04-05 13:15:25,798 : INFO : worker thread finished; awaiting finish of 3 more threads
2017-04-05 13:15:25,799 : INFO : worker thread finished; awaiting finish of 2 more threads
2017-04-05 13:15:25,800 : INFO : worker thread finished; awaiting finish of 1 more threads
2017-04-05 13:15:25,802 : INFO : worker thread finished; awaiting finish of 0 more threads
2017-04-05 13:15:25,802 : INFO : training on 265640 raw words (132271 effective words) took 0.2s, 583604 effective words/s
2017-04-05 13:15:25,802 : WARNING : under 10 jobs per worker: consider setting a smaller `batch_words' for smoother alpha decay
2017-04-05 13:15:25,803 : INFO : Epoch 5
2017-04-05 13:15:25,803 : INFO : training model with 7 workers on 5644 vocabulary and 200 features, using sg=0 hs=0 sample=0.0001 negative=5 window=20
2017-04-05 13:15:25,803 : INFO : expecting 591 sentences, matching count from corpus used for vocabulary survey
2017-04-05 13:15:25,990 : INFO : worker thread finished; awaiting finish of 6 more threads
2017-04-05 13:15:26,023 : INFO : worker thread finished; awaiting finish of 5 more threads
2017-04-05 13:15:26,027 : INFO : worker thread finished; awaiting finish of 4 more threads
2017-04-05 13:15:26,029 : INFO : worker thread finished; awaiting finish of 3 more threads
2017-04-05 13:15:26,031 : INFO : worker thread finished; awaiting finish of 2 more threads
2017-04-05 13:15:26,033 : INFO : worker thread finished; awaiting finish of 1 more threads
2017-04-05 13:15:26,033 : INFO : worker thread finished; awaiting finish of 0 more threads
2017-04-05 13:15:26,033 : INFO : training on 265640 raw words (132171 effective words) took 0.2s, 579398 effective words/s
2017-04-05 13:15:26,033 : WARNING : under 10 jobs per worker: consider setting a smaller `batch_words' for smoother alpha decay
2017-04-05 13:15:26,034 : INFO : Epoch 6
2017-04-05 13:15:26,034 : INFO : training model with 7 workers on 5644 vocabulary and 200 features, using sg=0 hs=0 sample=0.0001 negative=5 window=20
2017-04-05 13:15:26,034 : INFO : expecting 591 sentences, matching count from corpus used for vocabulary survey
2017-04-05 13:15:26,229 : INFO : worker thread finished; awaiting finish of 6 more threads
2017-04-05 13:15:26,268 : INFO : worker thread finished; awaiting finish of 5 more threads
2017-04-05 13:15:26,271 : INFO : worker thread finished; awaiting finish of 4 more threads
2017-04-05 13:15:26,273 : INFO : worker thread finished; awaiting finish of 3 more threads
2017-04-05 13:15:26,274 : INFO : worker thread finished; awaiting finish of 2 more threads
2017-04-05 13:15:26,276 : INFO : worker thread finished; awaiting finish of 1 more threads
2017-04-05 13:15:26,276 : INFO : worker thread finished; awaiting finish of 0 more threads
2017-04-05 13:15:26,276 : INFO : training on 265640 raw words (132580 effective words) took 0.2s, 549778 effective words/s
2017-04-05 13:15:26,277 : WARNING : under 10 jobs per worker: consider setting a smaller `batch_words' for smoother alpha decay
2017-04-05 13:15:26,277 : INFO : Epoch 7
2017-04-05 13:15:26,277 : INFO : training model with 7 workers on 5644 vocabulary and 200 features, using sg=0 hs=0 sample=0.0001 negative=5 window=20
2017-04-05 13:15:26,277 : INFO : expecting 591 sentences, matching count from corpus used for vocabulary survey
2017-04-05 13:15:26,476 : INFO : worker thread finished; awaiting finish of 6 more threads
2017-04-05 13:15:26,511 : INFO : worker thread finished; awaiting finish of 5 more threads
2017-04-05 13:15:26,513 : INFO : worker thread finished; awaiting finish of 4 more threads
2017-04-05 13:15:26,513 : INFO : worker thread finished; awaiting finish of 3 more threads
2017-04-05 13:15:26,513 : INFO : worker thread finished; awaiting finish of 2 more threads
2017-04-05 13:15:26,514 : INFO : worker thread finished; awaiting finish of 1 more threads
2017-04-05 13:15:26,516 : INFO : worker thread finished; awaiting finish of 0 more threads
2017-04-05 13:15:26,516 : INFO : training on 265640 raw words (132300 effective words) took 0.2s, 557818 effective words/s
2017-04-05 13:15:26,516 : WARNING : under 10 jobs per worker: consider setting a smaller `batch_words' for smoother alpha decay
2017-04-05 13:15:26,516 : INFO : Epoch 8
2017-04-05 13:15:26,516 : INFO : training model with 7 workers on 5644 vocabulary and 200 features, using sg=0 hs=0 sample=0.0001 negative=5 window=20
2017-04-05 13:15:26,516 : INFO : expecting 591 sentences, matching count from corpus used for vocabulary survey
2017-04-05 13:15:26,711 : INFO : worker thread finished; awaiting finish of 6 more threads
2017-04-05 13:15:26,751 : INFO : worker thread finished; awaiting finish of 5 more threads
2017-04-05 13:15:26,753 : INFO : worker thread finished; awaiting finish of 4 more threads
2017-04-05 13:15:26,756 : INFO : worker thread finished; awaiting finish of 3 more threads
2017-04-05 13:15:26,758 : INFO : worker thread finished; awaiting finish of 2 more threads
2017-04-05 13:15:26,758 : INFO : worker thread finished; awaiting finish of 1 more threads
2017-04-05 13:15:26,759 : INFO : worker thread finished; awaiting finish of 0 more threads
2017-04-05 13:15:26,759 : INFO : training on 265640 raw words (131947 effective words) took 0.2s, 547053 effective words/s
2017-04-05 13:15:26,759 : WARNING : under 10 jobs per worker: consider setting a smaller `batch_words' for smoother alpha decay
2017-04-05 13:15:26,759 : INFO : Epoch 9
2017-04-05 13:15:26,760 : INFO : training model with 7 workers on 5644 vocabulary and 200 features, using sg=0 hs=0 sample=0.0001 negative=5 window=20
2017-04-05 13:15:26,760 : INFO : expecting 591 sentences, matching count from corpus used for vocabulary survey
2017-04-05 13:15:26,965 : INFO : worker thread finished; awaiting finish of 6 more threads
2017-04-05 13:15:26,995 : INFO : worker thread finished; awaiting finish of 5 more threads
2017-04-05 13:15:27,001 : INFO : worker thread finished; awaiting finish of 4 more threads
2017-04-05 13:15:27,002 : INFO : worker thread finished; awaiting finish of 3 more threads
2017-04-05 13:15:27,003 : INFO : worker thread finished; awaiting finish of 2 more threads
2017-04-05 13:15:27,004 : INFO : worker thread finished; awaiting finish of 1 more threads
2017-04-05 13:15:27,004 : INFO : worker thread finished; awaiting finish of 0 more threads
2017-04-05 13:15:27,004 : INFO : training on 265640 raw words (132482 effective words) took 0.2s, 547096 effective words/s
2017-04-05 13:15:27,004 : WARNING : under 10 jobs per worker: consider setting a smaller `batch_words' for smoother alpha decay
2017-04-05 13:15:27,004 : INFO : Sentiment
2017-04-05 13:15:27,005 : INFO : Fitting
Got result 0.351064

Job file reloaded.
Completed successfully in 2.96 seconds. [0.351064]
setting job 20004 complete
set...
